[2025-08-21 12:37:44] development.ERROR: Vite manifest not found at: /home/toor/projekty/szablon/my-page/web/app/themes/my-theme/public/build/manifest.json (View: /home/toor/projekty/szablon/my-page/web/app/themes/my-theme/resources/views/layouts/app.blade.php) (View: /home/toor/projekty/szablon/my-page/web/app/themes/my-theme/resources/views/layouts/app.blade.php) {"userId":1,"exception":"[object] (Illuminate\\View\\ViewException(code: 0): Vite manifest not found at: /home/toor/projekty/szablon/my-page/web/app/themes/my-theme/public/build/manifest.json (View: /home/toor/projekty/szablon/my-page/web/app/themes/my-theme/resources/views/layouts/app.blade.php) (View: /home/toor/projekty/szablon/my-page/web/app/themes/my-theme/resources/views/layouts/app.blade.php) at /home/toor/projekty/szablon/my-page/web/app/themes/my-theme/vendor/roots/acorn/src/Illuminate/Foundation/Vite.php:934)
[stacktrace]
#0 /home/toor/projekty/szablon/my-page/web/app/themes/my-theme/vendor/illuminate/view/Engines/PhpEngine.php(59): Illuminate\\View\\Engines\\CompilerEngine->handleViewException()
#1 /home/toor/projekty/szablon/my-page/web/app/themes/my-theme/vendor/illuminate/view/Engines/CompilerEngine.php(76): Illuminate\\View\\Engines\\PhpEngine->evaluatePath()
#2 /home/toor/projekty/szablon/my-page/web/app/themes/my-theme/vendor/illuminate/view/View.php(208): Illuminate\\View\\Engines\\CompilerEngine->get()
#3 /home/toor/projekty/szablon/my-page/web/app/themes/my-theme/vendor/illuminate/view/View.php(191): Illuminate\\View\\View->getContents()
#4 /home/toor/projekty/szablon/my-page/web/app/themes/my-theme/vendor/illuminate/view/View.php(160): Illuminate\\View\\View->renderContents()
#5 /home/toor/projekty/szablon/my-page/web/app/themes/my-theme/index.php(3): Illuminate\\View\\View->render()
#6 /home/toor/projekty/szablon/my-page/web/wp/wp-includes/template-loader.php(106): include('...')
#7 /home/toor/projekty/szablon/my-page/web/wp/wp-blog-header.php(19): require_once('...')
#8 /home/toor/projekty/szablon/my-page/web/index.php(7): require('...')
#9 {main}

[previous exception] [object] (Illuminate\\View\\ViewException(code: 0): Vite manifest not found at: /home/toor/projekty/szablon/my-page/web/app/themes/my-theme/public/build/manifest.json (View: /home/toor/projekty/szablon/my-page/web/app/themes/my-theme/resources/views/layouts/app.blade.php) at /home/toor/projekty/szablon/my-page/web/app/themes/my-theme/vendor/roots/acorn/src/Illuminate/Foundation/Vite.php:934)
[stacktrace]
#0 /home/toor/projekty/szablon/my-page/web/app/themes/my-theme/vendor/illuminate/view/Engines/PhpEngine.php(59): Illuminate\\View\\Engines\\CompilerEngine->handleViewException()
#1 /home/toor/projekty/szablon/my-page/web/app/themes/my-theme/vendor/illuminate/view/Engines/CompilerEngine.php(76): Illuminate\\View\\Engines\\PhpEngine->evaluatePath()
#2 /home/toor/projekty/szablon/my-page/web/app/themes/my-theme/vendor/illuminate/view/View.php(208): Illuminate\\View\\Engines\\CompilerEngine->get()
#3 /home/toor/projekty/szablon/my-page/web/app/themes/my-theme/vendor/illuminate/view/View.php(191): Illuminate\\View\\View->getContents()
#4 /home/toor/projekty/szablon/my-page/web/app/themes/my-theme/vendor/illuminate/view/View.php(160): Illuminate\\View\\View->renderContents()
#5 /home/toor/projekty/szablon/my-page/web/app/cache/acorn/framework/views/e8f96bc174e0707667213b622f5517fb.php(44): Illuminate\\View\\View->render()
#6 /home/toor/projekty/szablon/my-page/web/app/themes/my-theme/vendor/illuminate/filesystem/Filesystem.php(123): require('...')
#7 /home/toor/projekty/szablon/my-page/web/app/themes/my-theme/vendor/illuminate/filesystem/Filesystem.php(124): Illuminate\\Filesystem\\Filesystem::Illuminate\\Filesystem\\{closure}()
#8 /home/toor/projekty/szablon/my-page/web/app/themes/my-theme/vendor/illuminate/view/Engines/PhpEngine.php(57): Illuminate\\Filesystem\\Filesystem->getRequire()
#9 /home/toor/projekty/szablon/my-page/web/app/themes/my-theme/vendor/illuminate/view/Engines/CompilerEngine.php(76): Illuminate\\View\\Engines\\PhpEngine->evaluatePath()
#10 /home/toor/projekty/szablon/my-page/web/app/themes/my-theme/vendor/illuminate/view/View.php(208): Illuminate\\View\\Engines\\CompilerEngine->get()
#11 /home/toor/projekty/szablon/my-page/web/app/themes/my-theme/vendor/illuminate/view/View.php(191): Illuminate\\View\\View->getContents()
#12 /home/toor/projekty/szablon/my-page/web/app/themes/my-theme/vendor/illuminate/view/View.php(160): Illuminate\\View\\View->renderContents()
#13 /home/toor/projekty/szablon/my-page/web/app/themes/my-theme/index.php(3): Illuminate\\View\\View->render()
#14 /home/toor/projekty/szablon/my-page/web/wp/wp-includes/template-loader.php(106): include('...')
#15 /home/toor/projekty/szablon/my-page/web/wp/wp-blog-header.php(19): require_once('...')
#16 /home/toor/projekty/szablon/my-page/web/index.php(7): require('...')
#17 {main}

[previous exception] [object] (Illuminate\\Foundation\\ViteManifestNotFoundException(code: 0): Vite manifest not found at: /home/toor/projekty/szablon/my-page/web/app/themes/my-theme/public/build/manifest.json at /home/toor/projekty/szablon/my-page/web/app/themes/my-theme/vendor/roots/acorn/src/Illuminate/Foundation/Vite.php:934)
[stacktrace]
#0 /home/toor/projekty/szablon/my-page/web/app/themes/my-theme/vendor/roots/acorn/src/Illuminate/Foundation/Vite.php(384): Illuminate\\Foundation\\Vite->manifest()
#1 /home/toor/projekty/szablon/my-page/web/app/cache/acorn/framework/views/8728cc73a01f230e6f66675ab86791f8.php(9): Illuminate\\Foundation\\Vite->__invoke()
#2 /home/toor/projekty/szablon/my-page/web/app/themes/my-theme/vendor/illuminate/filesystem/Filesystem.php(123): require('...')
#3 /home/toor/projekty/szablon/my-page/web/app/themes/my-theme/vendor/illuminate/filesystem/Filesystem.php(124): Illuminate\\Filesystem\\Filesystem::Illuminate\\Filesystem\\{closure}()
#4 /home/toor/projekty/szablon/my-page/web/app/themes/my-theme/vendor/illuminate/view/Engines/PhpEngine.php(57): Illuminate\\Filesystem\\Filesystem->getRequire()
#5 /home/toor/projekty/szablon/my-page/web/app/themes/my-theme/vendor/illuminate/view/Engines/CompilerEngine.php(76): Illuminate\\View\\Engines\\PhpEngine->evaluatePath()
#6 /home/toor/projekty/szablon/my-page/web/app/themes/my-theme/vendor/illuminate/view/View.php(208): Illuminate\\View\\Engines\\CompilerEngine->get()
#7 /home/toor/projekty/szablon/my-page/web/app/themes/my-theme/vendor/illuminate/view/View.php(191): Illuminate\\View\\View->getContents()
#8 /home/toor/projekty/szablon/my-page/web/app/themes/my-theme/vendor/illuminate/view/View.php(160): Illuminate\\View\\View->renderContents()
#9 /home/toor/projekty/szablon/my-page/web/app/cache/acorn/framework/views/e8f96bc174e0707667213b622f5517fb.php(44): Illuminate\\View\\View->render()
#10 /home/toor/projekty/szablon/my-page/web/app/themes/my-theme/vendor/illuminate/filesystem/Filesystem.php(123): require('...')
#11 /home/toor/projekty/szablon/my-page/web/app/themes/my-theme/vendor/illuminate/filesystem/Filesystem.php(124): Illuminate\\Filesystem\\Filesystem::Illuminate\\Filesystem\\{closure}()
#12 /home/toor/projekty/szablon/my-page/web/app/themes/my-theme/vendor/illuminate/view/Engines/PhpEngine.php(57): Illuminate\\Filesystem\\Filesystem->getRequire()
#13 /home/toor/projekty/szablon/my-page/web/app/themes/my-theme/vendor/illuminate/view/Engines/CompilerEngine.php(76): Illuminate\\View\\Engines\\PhpEngine->evaluatePath()
#14 /home/toor/projekty/szablon/my-page/web/app/themes/my-theme/vendor/illuminate/view/View.php(208): Illuminate\\View\\Engines\\CompilerEngine->get()
#15 /home/toor/projekty/szablon/my-page/web/app/themes/my-theme/vendor/illuminate/view/View.php(191): Illuminate\\View\\View->getContents()
#16 /home/toor/projekty/szablon/my-page/web/app/themes/my-theme/vendor/illuminate/view/View.php(160): Illuminate\\View\\View->renderContents()
#17 /home/toor/projekty/szablon/my-page/web/app/themes/my-theme/index.php(3): Illuminate\\View\\View->render()
#18 /home/toor/projekty/szablon/my-page/web/wp/wp-includes/template-loader.php(106): include('...')
#19 /home/toor/projekty/szablon/my-page/web/wp/wp-blog-header.php(19): require_once('...')
#20 /home/toor/projekty/szablon/my-page/web/index.php(7): require('...')
#21 {main}
"} 
[2025-08-21 12:38:20] development.ERROR: Vite manifest not found at: /home/toor/projekty/szablon/my-page/web/app/themes/my-theme/public/build/manifest.json (View: /home/toor/projekty/szablon/my-page/web/app/themes/my-theme/resources/views/layouts/app.blade.php) (View: /home/toor/projekty/szablon/my-page/web/app/themes/my-theme/resources/views/layouts/app.blade.php) {"userId":1,"exception":"[object] (Illuminate\\View\\ViewException(code: 0): Vite manifest not found at: /home/toor/projekty/szablon/my-page/web/app/themes/my-theme/public/build/manifest.json (View: /home/toor/projekty/szablon/my-page/web/app/themes/my-theme/resources/views/layouts/app.blade.php) (View: /home/toor/projekty/szablon/my-page/web/app/themes/my-theme/resources/views/layouts/app.blade.php) at /home/toor/projekty/szablon/my-page/web/app/themes/my-theme/vendor/roots/acorn/src/Illuminate/Foundation/Vite.php:934)
[stacktrace]
#0 /home/toor/projekty/szablon/my-page/web/app/themes/my-theme/vendor/illuminate/view/Engines/PhpEngine.php(59): Illuminate\\View\\Engines\\CompilerEngine->handleViewException()
#1 /home/toor/projekty/szablon/my-page/web/app/themes/my-theme/vendor/illuminate/view/Engines/CompilerEngine.php(76): Illuminate\\View\\Engines\\PhpEngine->evaluatePath()
#2 /home/toor/projekty/szablon/my-page/web/app/themes/my-theme/vendor/illuminate/view/View.php(208): Illuminate\\View\\Engines\\CompilerEngine->get()
#3 /home/toor/projekty/szablon/my-page/web/app/themes/my-theme/vendor/illuminate/view/View.php(191): Illuminate\\View\\View->getContents()
#4 /home/toor/projekty/szablon/my-page/web/app/themes/my-theme/vendor/illuminate/view/View.php(160): Illuminate\\View\\View->renderContents()
#5 /home/toor/projekty/szablon/my-page/web/app/themes/my-theme/index.php(3): Illuminate\\View\\View->render()
#6 /home/toor/projekty/szablon/my-page/web/wp/wp-includes/template-loader.php(106): include('...')
#7 /home/toor/projekty/szablon/my-page/web/wp/wp-blog-header.php(19): require_once('...')
#8 /home/toor/projekty/szablon/my-page/web/index.php(7): require('...')
#9 {main}

[previous exception] [object] (Illuminate\\View\\ViewException(code: 0): Vite manifest not found at: /home/toor/projekty/szablon/my-page/web/app/themes/my-theme/public/build/manifest.json (View: /home/toor/projekty/szablon/my-page/web/app/themes/my-theme/resources/views/layouts/app.blade.php) at /home/toor/projekty/szablon/my-page/web/app/themes/my-theme/vendor/roots/acorn/src/Illuminate/Foundation/Vite.php:934)
[stacktrace]
#0 /home/toor/projekty/szablon/my-page/web/app/themes/my-theme/vendor/illuminate/view/Engines/PhpEngine.php(59): Illuminate\\View\\Engines\\CompilerEngine->handleViewException()
#1 /home/toor/projekty/szablon/my-page/web/app/themes/my-theme/vendor/illuminate/view/Engines/CompilerEngine.php(76): Illuminate\\View\\Engines\\PhpEngine->evaluatePath()
#2 /home/toor/projekty/szablon/my-page/web/app/themes/my-theme/vendor/illuminate/view/View.php(208): Illuminate\\View\\Engines\\CompilerEngine->get()
#3 /home/toor/projekty/szablon/my-page/web/app/themes/my-theme/vendor/illuminate/view/View.php(191): Illuminate\\View\\View->getContents()
#4 /home/toor/projekty/szablon/my-page/web/app/themes/my-theme/vendor/illuminate/view/View.php(160): Illuminate\\View\\View->renderContents()
#5 /home/toor/projekty/szablon/my-page/web/app/cache/acorn/framework/views/e8f96bc174e0707667213b622f5517fb.php(44): Illuminate\\View\\View->render()
#6 /home/toor/projekty/szablon/my-page/web/app/themes/my-theme/vendor/illuminate/filesystem/Filesystem.php(123): require('...')
#7 /home/toor/projekty/szablon/my-page/web/app/themes/my-theme/vendor/illuminate/filesystem/Filesystem.php(124): Illuminate\\Filesystem\\Filesystem::Illuminate\\Filesystem\\{closure}()
#8 /home/toor/projekty/szablon/my-page/web/app/themes/my-theme/vendor/illuminate/view/Engines/PhpEngine.php(57): Illuminate\\Filesystem\\Filesystem->getRequire()
#9 /home/toor/projekty/szablon/my-page/web/app/themes/my-theme/vendor/illuminate/view/Engines/CompilerEngine.php(76): Illuminate\\View\\Engines\\PhpEngine->evaluatePath()
#10 /home/toor/projekty/szablon/my-page/web/app/themes/my-theme/vendor/illuminate/view/View.php(208): Illuminate\\View\\Engines\\CompilerEngine->get()
#11 /home/toor/projekty/szablon/my-page/web/app/themes/my-theme/vendor/illuminate/view/View.php(191): Illuminate\\View\\View->getContents()
#12 /home/toor/projekty/szablon/my-page/web/app/themes/my-theme/vendor/illuminate/view/View.php(160): Illuminate\\View\\View->renderContents()
#13 /home/toor/projekty/szablon/my-page/web/app/themes/my-theme/index.php(3): Illuminate\\View\\View->render()
#14 /home/toor/projekty/szablon/my-page/web/wp/wp-includes/template-loader.php(106): include('...')
#15 /home/toor/projekty/szablon/my-page/web/wp/wp-blog-header.php(19): require_once('...')
#16 /home/toor/projekty/szablon/my-page/web/index.php(7): require('...')
#17 {main}

[previous exception] [object] (Illuminate\\Foundation\\ViteManifestNotFoundException(code: 0): Vite manifest not found at: /home/toor/projekty/szablon/my-page/web/app/themes/my-theme/public/build/manifest.json at /home/toor/projekty/szablon/my-page/web/app/themes/my-theme/vendor/roots/acorn/src/Illuminate/Foundation/Vite.php:934)
[stacktrace]
#0 /home/toor/projekty/szablon/my-page/web/app/themes/my-theme/vendor/roots/acorn/src/Illuminate/Foundation/Vite.php(384): Illuminate\\Foundation\\Vite->manifest()
#1 /home/toor/projekty/szablon/my-page/web/app/cache/acorn/framework/views/8728cc73a01f230e6f66675ab86791f8.php(9): Illuminate\\Foundation\\Vite->__invoke()
#2 /home/toor/projekty/szablon/my-page/web/app/themes/my-theme/vendor/illuminate/filesystem/Filesystem.php(123): require('...')
#3 /home/toor/projekty/szablon/my-page/web/app/themes/my-theme/vendor/illuminate/filesystem/Filesystem.php(124): Illuminate\\Filesystem\\Filesystem::Illuminate\\Filesystem\\{closure}()
#4 /home/toor/projekty/szablon/my-page/web/app/themes/my-theme/vendor/illuminate/view/Engines/PhpEngine.php(57): Illuminate\\Filesystem\\Filesystem->getRequire()
#5 /home/toor/projekty/szablon/my-page/web/app/themes/my-theme/vendor/illuminate/view/Engines/CompilerEngine.php(76): Illuminate\\View\\Engines\\PhpEngine->evaluatePath()
#6 /home/toor/projekty/szablon/my-page/web/app/themes/my-theme/vendor/illuminate/view/View.php(208): Illuminate\\View\\Engines\\CompilerEngine->get()
#7 /home/toor/projekty/szablon/my-page/web/app/themes/my-theme/vendor/illuminate/view/View.php(191): Illuminate\\View\\View->getContents()
#8 /home/toor/projekty/szablon/my-page/web/app/themes/my-theme/vendor/illuminate/view/View.php(160): Illuminate\\View\\View->renderContents()
#9 /home/toor/projekty/szablon/my-page/web/app/cache/acorn/framework/views/e8f96bc174e0707667213b622f5517fb.php(44): Illuminate\\View\\View->render()
#10 /home/toor/projekty/szablon/my-page/web/app/themes/my-theme/vendor/illuminate/filesystem/Filesystem.php(123): require('...')
#11 /home/toor/projekty/szablon/my-page/web/app/themes/my-theme/vendor/illuminate/filesystem/Filesystem.php(124): Illuminate\\Filesystem\\Filesystem::Illuminate\\Filesystem\\{closure}()
#12 /home/toor/projekty/szablon/my-page/web/app/themes/my-theme/vendor/illuminate/view/Engines/PhpEngine.php(57): Illuminate\\Filesystem\\Filesystem->getRequire()
#13 /home/toor/projekty/szablon/my-page/web/app/themes/my-theme/vendor/illuminate/view/Engines/CompilerEngine.php(76): Illuminate\\View\\Engines\\PhpEngine->evaluatePath()
#14 /home/toor/projekty/szablon/my-page/web/app/themes/my-theme/vendor/illuminate/view/View.php(208): Illuminate\\View\\Engines\\CompilerEngine->get()
#15 /home/toor/projekty/szablon/my-page/web/app/themes/my-theme/vendor/illuminate/view/View.php(191): Illuminate\\View\\View->getContents()
#16 /home/toor/projekty/szablon/my-page/web/app/themes/my-theme/vendor/illuminate/view/View.php(160): Illuminate\\View\\View->renderContents()
#17 /home/toor/projekty/szablon/my-page/web/app/themes/my-theme/index.php(3): Illuminate\\View\\View->render()
#18 /home/toor/projekty/szablon/my-page/web/wp/wp-includes/template-loader.php(106): include('...')
#19 /home/toor/projekty/szablon/my-page/web/wp/wp-blog-header.php(19): require_once('...')
#20 /home/toor/projekty/szablon/my-page/web/index.php(7): require('...')
#21 {main}
"} 
[2025-08-21 15:04:07] development.ERROR: Unable to locate a class or view for component [button]. {"userId":1,"exception":"[object] (InvalidArgumentException(code: 0): Unable to locate a class or view for component [button]. at /home/toor/projekty/szablon/my-page/web/app/themes/my-theme/vendor/illuminate/view/Compilers/ComponentTagCompiler.php:315)
[stacktrace]
#0 /home/toor/projekty/szablon/my-page/web/app/themes/my-theme/vendor/illuminate/view/Compilers/ComponentTagCompiler.php(235): Illuminate\\View\\Compilers\\ComponentTagCompiler->componentClass()
#1 /home/toor/projekty/szablon/my-page/web/app/themes/my-theme/vendor/illuminate/view/Compilers/ComponentTagCompiler.php(156): Illuminate\\View\\Compilers\\ComponentTagCompiler->componentString()
#2 [internal function]: Illuminate\\View\\Compilers\\ComponentTagCompiler->Illuminate\\View\\Compilers\\{closure}()
#3 /home/toor/projekty/szablon/my-page/web/app/themes/my-theme/vendor/illuminate/view/Compilers/ComponentTagCompiler.php(151): preg_replace_callback()
#4 /home/toor/projekty/szablon/my-page/web/app/themes/my-theme/vendor/illuminate/view/Compilers/ComponentTagCompiler.php(90): Illuminate\\View\\Compilers\\ComponentTagCompiler->compileOpeningTags()
#5 /home/toor/projekty/szablon/my-page/web/app/themes/my-theme/vendor/illuminate/view/Compilers/ComponentTagCompiler.php(76): Illuminate\\View\\Compilers\\ComponentTagCompiler->compileTags()
#6 /home/toor/projekty/szablon/my-page/web/app/themes/my-theme/vendor/illuminate/view/Compilers/BladeCompiler.php(455): Illuminate\\View\\Compilers\\ComponentTagCompiler->compile()
#7 /home/toor/projekty/szablon/my-page/web/app/themes/my-theme/vendor/illuminate/view/Compilers/BladeCompiler.php(287): Illuminate\\View\\Compilers\\BladeCompiler->compileComponentTags()
#8 /home/toor/projekty/szablon/my-page/web/app/themes/my-theme/vendor/illuminate/view/Compilers/BladeCompiler.php(187): Illuminate\\View\\Compilers\\BladeCompiler->compileString()
#9 /home/toor/projekty/szablon/my-page/web/app/themes/my-theme/vendor/illuminate/view/Engines/CompilerEngine.php(68): Illuminate\\View\\Compilers\\BladeCompiler->compile()
#10 /home/toor/projekty/szablon/my-page/web/app/themes/my-theme/vendor/illuminate/view/View.php(208): Illuminate\\View\\Engines\\CompilerEngine->get()
#11 /home/toor/projekty/szablon/my-page/web/app/themes/my-theme/vendor/illuminate/view/View.php(191): Illuminate\\View\\View->getContents()
#12 /home/toor/projekty/szablon/my-page/web/app/themes/my-theme/vendor/illuminate/view/View.php(160): Illuminate\\View\\View->renderContents()
#13 /home/toor/projekty/szablon/my-page/web/app/themes/my-theme/index.php(3): Illuminate\\View\\View->render()
#14 /home/toor/projekty/szablon/my-page/web/wp/wp-includes/template-loader.php(106): include('...')
#15 /home/toor/projekty/szablon/my-page/web/wp/wp-blog-header.php(19): require_once('...')
#16 /home/toor/projekty/szablon/my-page/web/index.php(7): require('...')
#17 {main}
"} 
[2025-08-21 16:37:51] development.ERROR: syntax error, unexpected token "<" (View: /home/toor/projekty/szablon/my-page/web/app/themes/my-theme/resources/views/index.blade.php) {"userId":1,"exception":"[object] (Illuminate\\View\\ViewException(code: 0): syntax error, unexpected token \"<\" (View: /home/toor/projekty/szablon/my-page/web/app/themes/my-theme/resources/views/index.blade.php) at /home/toor/projekty/szablon/my-page/web/app/cache/acorn/framework/views/e8f96bc174e0707667213b622f5517fb.php:42)
[stacktrace]
#0 /home/toor/projekty/szablon/my-page/web/app/themes/my-theme/vendor/illuminate/view/Engines/PhpEngine.php(59): Illuminate\\View\\Engines\\CompilerEngine->handleViewException()
#1 /home/toor/projekty/szablon/my-page/web/app/themes/my-theme/vendor/illuminate/view/Engines/CompilerEngine.php(76): Illuminate\\View\\Engines\\PhpEngine->evaluatePath()
#2 /home/toor/projekty/szablon/my-page/web/app/themes/my-theme/vendor/illuminate/view/View.php(208): Illuminate\\View\\Engines\\CompilerEngine->get()
#3 /home/toor/projekty/szablon/my-page/web/app/themes/my-theme/vendor/illuminate/view/View.php(191): Illuminate\\View\\View->getContents()
#4 /home/toor/projekty/szablon/my-page/web/app/themes/my-theme/vendor/illuminate/view/View.php(160): Illuminate\\View\\View->renderContents()
#5 /home/toor/projekty/szablon/my-page/web/app/themes/my-theme/index.php(3): Illuminate\\View\\View->render()
#6 /home/toor/projekty/szablon/my-page/web/wp/wp-includes/template-loader.php(106): include('...')
#7 /home/toor/projekty/szablon/my-page/web/wp/wp-blog-header.php(19): require_once('...')
#8 /home/toor/projekty/szablon/my-page/web/index.php(7): require('...')
#9 {main}

[previous exception] [object] (ParseError(code: 0): syntax error, unexpected token \"<\" at /home/toor/projekty/szablon/my-page/web/app/cache/acorn/framework/views/e8f96bc174e0707667213b622f5517fb.php:42)
[stacktrace]
#0 /home/toor/projekty/szablon/my-page/web/app/themes/my-theme/vendor/illuminate/filesystem/Filesystem.php(124): Illuminate\\Filesystem\\Filesystem::Illuminate\\Filesystem\\{closure}()
#1 /home/toor/projekty/szablon/my-page/web/app/themes/my-theme/vendor/illuminate/view/Engines/PhpEngine.php(57): Illuminate\\Filesystem\\Filesystem->getRequire()
#2 /home/toor/projekty/szablon/my-page/web/app/themes/my-theme/vendor/illuminate/view/Engines/CompilerEngine.php(76): Illuminate\\View\\Engines\\PhpEngine->evaluatePath()
#3 /home/toor/projekty/szablon/my-page/web/app/themes/my-theme/vendor/illuminate/view/View.php(208): Illuminate\\View\\Engines\\CompilerEngine->get()
#4 /home/toor/projekty/szablon/my-page/web/app/themes/my-theme/vendor/illuminate/view/View.php(191): Illuminate\\View\\View->getContents()
#5 /home/toor/projekty/szablon/my-page/web/app/themes/my-theme/vendor/illuminate/view/View.php(160): Illuminate\\View\\View->renderContents()
#6 /home/toor/projekty/szablon/my-page/web/app/themes/my-theme/index.php(3): Illuminate\\View\\View->render()
#7 /home/toor/projekty/szablon/my-page/web/wp/wp-includes/template-loader.php(106): include('...')
#8 /home/toor/projekty/szablon/my-page/web/wp/wp-blog-header.php(19): require_once('...')
#9 /home/toor/projekty/szablon/my-page/web/index.php(7): require('...')
#10 {main}
"} 
[2025-08-21 16:38:11] development.ERROR: syntax error, unexpected token "<" (View: /home/toor/projekty/szablon/my-page/web/app/themes/my-theme/resources/views/index.blade.php) {"userId":1,"exception":"[object] (Illuminate\\View\\ViewException(code: 0): syntax error, unexpected token \"<\" (View: /home/toor/projekty/szablon/my-page/web/app/themes/my-theme/resources/views/index.blade.php) at /home/toor/projekty/szablon/my-page/web/app/cache/acorn/framework/views/e8f96bc174e0707667213b622f5517fb.php:40)
[stacktrace]
#0 /home/toor/projekty/szablon/my-page/web/app/themes/my-theme/vendor/illuminate/view/Engines/PhpEngine.php(59): Illuminate\\View\\Engines\\CompilerEngine->handleViewException()
#1 /home/toor/projekty/szablon/my-page/web/app/themes/my-theme/vendor/illuminate/view/Engines/CompilerEngine.php(76): Illuminate\\View\\Engines\\PhpEngine->evaluatePath()
#2 /home/toor/projekty/szablon/my-page/web/app/themes/my-theme/vendor/illuminate/view/View.php(208): Illuminate\\View\\Engines\\CompilerEngine->get()
#3 /home/toor/projekty/szablon/my-page/web/app/themes/my-theme/vendor/illuminate/view/View.php(191): Illuminate\\View\\View->getContents()
#4 /home/toor/projekty/szablon/my-page/web/app/themes/my-theme/vendor/illuminate/view/View.php(160): Illuminate\\View\\View->renderContents()
#5 /home/toor/projekty/szablon/my-page/web/app/themes/my-theme/index.php(3): Illuminate\\View\\View->render()
#6 /home/toor/projekty/szablon/my-page/web/wp/wp-includes/template-loader.php(106): include('...')
#7 /home/toor/projekty/szablon/my-page/web/wp/wp-blog-header.php(19): require_once('...')
#8 /home/toor/projekty/szablon/my-page/web/index.php(7): require('...')
#9 {main}

[previous exception] [object] (ParseError(code: 0): syntax error, unexpected token \"<\" at /home/toor/projekty/szablon/my-page/web/app/cache/acorn/framework/views/e8f96bc174e0707667213b622f5517fb.php:40)
[stacktrace]
#0 /home/toor/projekty/szablon/my-page/web/app/themes/my-theme/vendor/illuminate/filesystem/Filesystem.php(124): Illuminate\\Filesystem\\Filesystem::Illuminate\\Filesystem\\{closure}()
#1 /home/toor/projekty/szablon/my-page/web/app/themes/my-theme/vendor/illuminate/view/Engines/PhpEngine.php(57): Illuminate\\Filesystem\\Filesystem->getRequire()
#2 /home/toor/projekty/szablon/my-page/web/app/themes/my-theme/vendor/illuminate/view/Engines/CompilerEngine.php(76): Illuminate\\View\\Engines\\PhpEngine->evaluatePath()
#3 /home/toor/projekty/szablon/my-page/web/app/themes/my-theme/vendor/illuminate/view/View.php(208): Illuminate\\View\\Engines\\CompilerEngine->get()
#4 /home/toor/projekty/szablon/my-page/web/app/themes/my-theme/vendor/illuminate/view/View.php(191): Illuminate\\View\\View->getContents()
#5 /home/toor/projekty/szablon/my-page/web/app/themes/my-theme/vendor/illuminate/view/View.php(160): Illuminate\\View\\View->renderContents()
#6 /home/toor/projekty/szablon/my-page/web/app/themes/my-theme/index.php(3): Illuminate\\View\\View->render()
#7 /home/toor/projekty/szablon/my-page/web/wp/wp-includes/template-loader.php(106): include('...')
#8 /home/toor/projekty/szablon/my-page/web/wp/wp-blog-header.php(19): require_once('...')
#9 /home/toor/projekty/szablon/my-page/web/index.php(7): require('...')
#10 {main}
"} 
[2025-08-21 16:38:17] development.ERROR: syntax error, unexpected token "<" (View: /home/toor/projekty/szablon/my-page/web/app/themes/my-theme/resources/views/index.blade.php) {"userId":1,"exception":"[object] (Illuminate\\View\\ViewException(code: 0): syntax error, unexpected token \"<\" (View: /home/toor/projekty/szablon/my-page/web/app/themes/my-theme/resources/views/index.blade.php) at /home/toor/projekty/szablon/my-page/web/app/cache/acorn/framework/views/e8f96bc174e0707667213b622f5517fb.php:40)
[stacktrace]
#0 /home/toor/projekty/szablon/my-page/web/app/themes/my-theme/vendor/illuminate/view/Engines/PhpEngine.php(59): Illuminate\\View\\Engines\\CompilerEngine->handleViewException()
#1 /home/toor/projekty/szablon/my-page/web/app/themes/my-theme/vendor/illuminate/view/Engines/CompilerEngine.php(76): Illuminate\\View\\Engines\\PhpEngine->evaluatePath()
#2 /home/toor/projekty/szablon/my-page/web/app/themes/my-theme/vendor/illuminate/view/View.php(208): Illuminate\\View\\Engines\\CompilerEngine->get()
#3 /home/toor/projekty/szablon/my-page/web/app/themes/my-theme/vendor/illuminate/view/View.php(191): Illuminate\\View\\View->getContents()
#4 /home/toor/projekty/szablon/my-page/web/app/themes/my-theme/vendor/illuminate/view/View.php(160): Illuminate\\View\\View->renderContents()
#5 /home/toor/projekty/szablon/my-page/web/app/themes/my-theme/index.php(3): Illuminate\\View\\View->render()
#6 /home/toor/projekty/szablon/my-page/web/wp/wp-includes/template-loader.php(106): include('...')
#7 /home/toor/projekty/szablon/my-page/web/wp/wp-blog-header.php(19): require_once('...')
#8 /home/toor/projekty/szablon/my-page/web/index.php(7): require('...')
#9 {main}

[previous exception] [object] (ParseError(code: 0): syntax error, unexpected token \"<\" at /home/toor/projekty/szablon/my-page/web/app/cache/acorn/framework/views/e8f96bc174e0707667213b622f5517fb.php:40)
[stacktrace]
#0 /home/toor/projekty/szablon/my-page/web/app/themes/my-theme/vendor/illuminate/filesystem/Filesystem.php(124): Illuminate\\Filesystem\\Filesystem::Illuminate\\Filesystem\\{closure}()
#1 /home/toor/projekty/szablon/my-page/web/app/themes/my-theme/vendor/illuminate/view/Engines/PhpEngine.php(57): Illuminate\\Filesystem\\Filesystem->getRequire()
#2 /home/toor/projekty/szablon/my-page/web/app/themes/my-theme/vendor/illuminate/view/Engines/CompilerEngine.php(76): Illuminate\\View\\Engines\\PhpEngine->evaluatePath()
#3 /home/toor/projekty/szablon/my-page/web/app/themes/my-theme/vendor/illuminate/view/View.php(208): Illuminate\\View\\Engines\\CompilerEngine->get()
#4 /home/toor/projekty/szablon/my-page/web/app/themes/my-theme/vendor/illuminate/view/View.php(191): Illuminate\\View\\View->getContents()
#5 /home/toor/projekty/szablon/my-page/web/app/themes/my-theme/vendor/illuminate/view/View.php(160): Illuminate\\View\\View->renderContents()
#6 /home/toor/projekty/szablon/my-page/web/app/themes/my-theme/index.php(3): Illuminate\\View\\View->render()
#7 /home/toor/projekty/szablon/my-page/web/wp/wp-includes/template-loader.php(106): include('...')
#8 /home/toor/projekty/szablon/my-page/web/wp/wp-blog-header.php(19): require_once('...')
#9 /home/toor/projekty/szablon/my-page/web/index.php(7): require('...')
#10 {main}
"} 
[2025-08-21 16:39:11] development.ERROR: syntax error, unexpected token "<" (View: /home/toor/projekty/szablon/my-page/web/app/themes/my-theme/resources/views/index.blade.php) {"userId":1,"exception":"[object] (Illuminate\\View\\ViewException(code: 0): syntax error, unexpected token \"<\" (View: /home/toor/projekty/szablon/my-page/web/app/themes/my-theme/resources/views/index.blade.php) at /home/toor/projekty/szablon/my-page/web/app/cache/acorn/framework/views/e8f96bc174e0707667213b622f5517fb.php:40)
[stacktrace]
#0 /home/toor/projekty/szablon/my-page/web/app/themes/my-theme/vendor/illuminate/view/Engines/PhpEngine.php(59): Illuminate\\View\\Engines\\CompilerEngine->handleViewException()
#1 /home/toor/projekty/szablon/my-page/web/app/themes/my-theme/vendor/illuminate/view/Engines/CompilerEngine.php(76): Illuminate\\View\\Engines\\PhpEngine->evaluatePath()
#2 /home/toor/projekty/szablon/my-page/web/app/themes/my-theme/vendor/illuminate/view/View.php(208): Illuminate\\View\\Engines\\CompilerEngine->get()
#3 /home/toor/projekty/szablon/my-page/web/app/themes/my-theme/vendor/illuminate/view/View.php(191): Illuminate\\View\\View->getContents()
#4 /home/toor/projekty/szablon/my-page/web/app/themes/my-theme/vendor/illuminate/view/View.php(160): Illuminate\\View\\View->renderContents()
#5 /home/toor/projekty/szablon/my-page/web/app/themes/my-theme/index.php(3): Illuminate\\View\\View->render()
#6 /home/toor/projekty/szablon/my-page/web/wp/wp-includes/template-loader.php(106): include('...')
#7 /home/toor/projekty/szablon/my-page/web/wp/wp-blog-header.php(19): require_once('...')
#8 /home/toor/projekty/szablon/my-page/web/index.php(7): require('...')
#9 {main}

[previous exception] [object] (ParseError(code: 0): syntax error, unexpected token \"<\" at /home/toor/projekty/szablon/my-page/web/app/cache/acorn/framework/views/e8f96bc174e0707667213b622f5517fb.php:40)
[stacktrace]
#0 /home/toor/projekty/szablon/my-page/web/app/themes/my-theme/vendor/illuminate/filesystem/Filesystem.php(124): Illuminate\\Filesystem\\Filesystem::Illuminate\\Filesystem\\{closure}()
#1 /home/toor/projekty/szablon/my-page/web/app/themes/my-theme/vendor/illuminate/view/Engines/PhpEngine.php(57): Illuminate\\Filesystem\\Filesystem->getRequire()
#2 /home/toor/projekty/szablon/my-page/web/app/themes/my-theme/vendor/illuminate/view/Engines/CompilerEngine.php(76): Illuminate\\View\\Engines\\PhpEngine->evaluatePath()
#3 /home/toor/projekty/szablon/my-page/web/app/themes/my-theme/vendor/illuminate/view/View.php(208): Illuminate\\View\\Engines\\CompilerEngine->get()
#4 /home/toor/projekty/szablon/my-page/web/app/themes/my-theme/vendor/illuminate/view/View.php(191): Illuminate\\View\\View->getContents()
#5 /home/toor/projekty/szablon/my-page/web/app/themes/my-theme/vendor/illuminate/view/View.php(160): Illuminate\\View\\View->renderContents()
#6 /home/toor/projekty/szablon/my-page/web/app/themes/my-theme/index.php(3): Illuminate\\View\\View->render()
#7 /home/toor/projekty/szablon/my-page/web/wp/wp-includes/template-loader.php(106): include('...')
#8 /home/toor/projekty/szablon/my-page/web/wp/wp-blog-header.php(19): require_once('...')
#9 /home/toor/projekty/szablon/my-page/web/index.php(7): require('...')
#10 {main}
"} 
[2025-08-21 16:39:12] development.ERROR: syntax error, unexpected token "<" (View: /home/toor/projekty/szablon/my-page/web/app/themes/my-theme/resources/views/index.blade.php) {"userId":1,"exception":"[object] (Illuminate\\View\\ViewException(code: 0): syntax error, unexpected token \"<\" (View: /home/toor/projekty/szablon/my-page/web/app/themes/my-theme/resources/views/index.blade.php) at /home/toor/projekty/szablon/my-page/web/app/cache/acorn/framework/views/e8f96bc174e0707667213b622f5517fb.php:40)
[stacktrace]
#0 /home/toor/projekty/szablon/my-page/web/app/themes/my-theme/vendor/illuminate/view/Engines/PhpEngine.php(59): Illuminate\\View\\Engines\\CompilerEngine->handleViewException()
#1 /home/toor/projekty/szablon/my-page/web/app/themes/my-theme/vendor/illuminate/view/Engines/CompilerEngine.php(76): Illuminate\\View\\Engines\\PhpEngine->evaluatePath()
#2 /home/toor/projekty/szablon/my-page/web/app/themes/my-theme/vendor/illuminate/view/View.php(208): Illuminate\\View\\Engines\\CompilerEngine->get()
#3 /home/toor/projekty/szablon/my-page/web/app/themes/my-theme/vendor/illuminate/view/View.php(191): Illuminate\\View\\View->getContents()
#4 /home/toor/projekty/szablon/my-page/web/app/themes/my-theme/vendor/illuminate/view/View.php(160): Illuminate\\View\\View->renderContents()
#5 /home/toor/projekty/szablon/my-page/web/app/themes/my-theme/index.php(3): Illuminate\\View\\View->render()
#6 /home/toor/projekty/szablon/my-page/web/wp/wp-includes/template-loader.php(106): include('...')
#7 /home/toor/projekty/szablon/my-page/web/wp/wp-blog-header.php(19): require_once('...')
#8 /home/toor/projekty/szablon/my-page/web/index.php(7): require('...')
#9 {main}

[previous exception] [object] (ParseError(code: 0): syntax error, unexpected token \"<\" at /home/toor/projekty/szablon/my-page/web/app/cache/acorn/framework/views/e8f96bc174e0707667213b622f5517fb.php:40)
[stacktrace]
#0 /home/toor/projekty/szablon/my-page/web/app/themes/my-theme/vendor/illuminate/filesystem/Filesystem.php(124): Illuminate\\Filesystem\\Filesystem::Illuminate\\Filesystem\\{closure}()
#1 /home/toor/projekty/szablon/my-page/web/app/themes/my-theme/vendor/illuminate/view/Engines/PhpEngine.php(57): Illuminate\\Filesystem\\Filesystem->getRequire()
#2 /home/toor/projekty/szablon/my-page/web/app/themes/my-theme/vendor/illuminate/view/Engines/CompilerEngine.php(76): Illuminate\\View\\Engines\\PhpEngine->evaluatePath()
#3 /home/toor/projekty/szablon/my-page/web/app/themes/my-theme/vendor/illuminate/view/View.php(208): Illuminate\\View\\Engines\\CompilerEngine->get()
#4 /home/toor/projekty/szablon/my-page/web/app/themes/my-theme/vendor/illuminate/view/View.php(191): Illuminate\\View\\View->getContents()
#5 /home/toor/projekty/szablon/my-page/web/app/themes/my-theme/vendor/illuminate/view/View.php(160): Illuminate\\View\\View->renderContents()
#6 /home/toor/projekty/szablon/my-page/web/app/themes/my-theme/index.php(3): Illuminate\\View\\View->render()
#7 /home/toor/projekty/szablon/my-page/web/wp/wp-includes/template-loader.php(106): include('...')
#8 /home/toor/projekty/szablon/my-page/web/wp/wp-blog-header.php(19): require_once('...')
#9 /home/toor/projekty/szablon/my-page/web/index.php(7): require('...')
#10 {main}
"} 
[2025-08-22 07:36:10] development.ERROR: wp_version_check(): Wystąpił nieoczekiwany błąd. Coś może być nie tak z WordPress.org lub konfiguracją twojego serwera. Jeśli problem będzie się powtarzał, spróbuj znaleźć pomoc na <a href="https://pl.wordpress.org/support/">forum pomocy technicznej</a>. (WordPress nie mógł stworzyć bezpiecznego połączenia z WordPress.org. Skontaktuj się z administratorem swojego serwera.) {"exception":"[object] (ErrorException(code: 0): wp_version_check(): Wystąpił nieoczekiwany błąd. Coś może być nie tak z WordPress.org lub konfiguracją twojego serwera. Jeśli problem będzie się powtarzał, spróbuj znaleźć pomoc na <a href=\"https://pl.wordpress.org/support/\">forum pomocy technicznej</a>. (WordPress nie mógł stworzyć bezpiecznego połączenia z WordPress.org. Skontaktuj się z administratorem swojego serwera.) at /home/toor/projekty/szablon/my-page/web/wp/wp-includes/functions.php:6121)
[stacktrace]
#0 /home/toor/projekty/szablon/my-page/web/app/themes/my-theme/vendor/roots/acorn/src/Roots/Acorn/Bootstrap/HandleExceptions.php(49): Illuminate\\Foundation\\Bootstrap\\HandleExceptions->handleError()
#1 [internal function]: Roots\\Acorn\\Bootstrap\\HandleExceptions->handleError()
#2 /home/toor/projekty/szablon/my-page/web/wp/wp-includes/functions.php(6121): trigger_error()
#3 /home/toor/projekty/szablon/my-page/web/wp/wp-includes/update.php(216): wp_trigger_error()
#4 /home/toor/projekty/szablon/my-page/web/wp/wp-includes/class-wp-hook.php(324): wp_version_check()
#5 /home/toor/projekty/szablon/my-page/web/wp/wp-includes/class-wp-hook.php(348): WP_Hook->apply_filters()
#6 /home/toor/projekty/szablon/my-page/web/wp/wp-includes/plugin.php(565): WP_Hook->do_action()
#7 /home/toor/projekty/szablon/my-page/web/wp/wp-cron.php(191): do_action_ref_array()
#8 {main}
"} 
[2025-08-22 07:36:10] development.ERROR: wp_update_plugins(): Wystąpił nieoczekiwany błąd. Coś może być nie tak z WordPress.org lub konfiguracją twojego serwera. Jeśli problem będzie się powtarzał, spróbuj znaleźć pomoc na <a href="https://pl.wordpress.org/support/">forum pomocy technicznej</a>. (WordPress nie mógł stworzyć bezpiecznego połączenia z WordPress.org. Skontaktuj się z administratorem swojego serwera.) {"userId":1,"exception":"[object] (ErrorException(code: 0): wp_update_plugins(): Wystąpił nieoczekiwany błąd. Coś może być nie tak z WordPress.org lub konfiguracją twojego serwera. Jeśli problem będzie się powtarzał, spróbuj znaleźć pomoc na <a href=\"https://pl.wordpress.org/support/\">forum pomocy technicznej</a>. (WordPress nie mógł stworzyć bezpiecznego połączenia z WordPress.org. Skontaktuj się z administratorem swojego serwera.) at /home/toor/projekty/szablon/my-page/web/wp/wp-includes/functions.php:6121)
[stacktrace]
#0 /home/toor/projekty/szablon/my-page/web/app/themes/my-theme/vendor/roots/acorn/src/Roots/Acorn/Bootstrap/HandleExceptions.php(49): Illuminate\\Foundation\\Bootstrap\\HandleExceptions->handleError()
#1 [internal function]: Roots\\Acorn\\Bootstrap\\HandleExceptions->handleError()
#2 /home/toor/projekty/szablon/my-page/web/wp/wp-includes/functions.php(6121): trigger_error()
#3 /home/toor/projekty/szablon/my-page/web/wp/wp-includes/update.php(444): wp_trigger_error()
#4 /home/toor/projekty/szablon/my-page/web/wp/wp-includes/update.php(1031): wp_update_plugins()
#5 /home/toor/projekty/szablon/my-page/web/wp/wp-includes/class-wp-hook.php(324): _maybe_update_plugins()
#6 /home/toor/projekty/szablon/my-page/web/wp/wp-includes/class-wp-hook.php(348): WP_Hook->apply_filters()
#7 /home/toor/projekty/szablon/my-page/web/wp/wp-includes/plugin.php(517): WP_Hook->do_action()
#8 /home/toor/projekty/szablon/my-page/web/wp/wp-admin/admin.php(176): do_action()
#9 /home/toor/projekty/szablon/my-page/web/wp/wp-admin/themes.php(10): require_once('...')
#10 {main}
"} 
[2025-08-22 07:37:10] development.ERROR: wp_update_themes(): Wystąpił nieoczekiwany błąd. Coś może być nie tak z WordPress.org lub konfiguracją twojego serwera. Jeśli problem będzie się powtarzał, spróbuj znaleźć pomoc na <a href="https://pl.wordpress.org/support/">forum pomocy technicznej</a>. (WordPress nie mógł stworzyć bezpiecznego połączenia z WordPress.org. Skontaktuj się z administratorem swojego serwera.) {"userId":1,"exception":"[object] (ErrorException(code: 0): wp_update_themes(): Wystąpił nieoczekiwany błąd. Coś może być nie tak z WordPress.org lub konfiguracją twojego serwera. Jeśli problem będzie się powtarzał, spróbuj znaleźć pomoc na <a href=\"https://pl.wordpress.org/support/\">forum pomocy technicznej</a>. (WordPress nie mógł stworzyć bezpiecznego połączenia z WordPress.org. Skontaktuj się z administratorem swojego serwera.) at /home/toor/projekty/szablon/my-page/web/wp/wp-includes/functions.php:6121)
[stacktrace]
#0 /home/toor/projekty/szablon/my-page/web/app/themes/my-theme/vendor/roots/acorn/src/Roots/Acorn/Bootstrap/HandleExceptions.php(49): Illuminate\\Foundation\\Bootstrap\\HandleExceptions->handleError()
#1 [internal function]: Roots\\Acorn\\Bootstrap\\HandleExceptions->handleError()
#2 /home/toor/projekty/szablon/my-page/web/wp/wp-includes/functions.php(6121): trigger_error()
#3 /home/toor/projekty/szablon/my-page/web/wp/wp-includes/update.php(732): wp_trigger_error()
#4 /home/toor/projekty/szablon/my-page/web/wp/wp-includes/update.php(1052): wp_update_themes()
#5 /home/toor/projekty/szablon/my-page/web/wp/wp-includes/class-wp-hook.php(324): _maybe_update_themes()
#6 /home/toor/projekty/szablon/my-page/web/wp/wp-includes/class-wp-hook.php(348): WP_Hook->apply_filters()
#7 /home/toor/projekty/szablon/my-page/web/wp/wp-includes/plugin.php(517): WP_Hook->do_action()
#8 /home/toor/projekty/szablon/my-page/web/wp/wp-admin/admin.php(176): do_action()
#9 /home/toor/projekty/szablon/my-page/web/wp/wp-admin/themes.php(10): require_once('...')
#10 {main}
"} 
[2025-08-22 09:43:25] development.ERROR: Unable to locate a class or view for component [posts-grid]. {"userId":1,"exception":"[object] (InvalidArgumentException(code: 0): Unable to locate a class or view for component [posts-grid]. at /home/toor/projekty/szablon/my-page/web/app/themes/my-theme/vendor/illuminate/view/Compilers/ComponentTagCompiler.php:315)
[stacktrace]
#0 /home/toor/projekty/szablon/my-page/web/app/themes/my-theme/vendor/illuminate/view/Compilers/ComponentTagCompiler.php(235): Illuminate\\View\\Compilers\\ComponentTagCompiler->componentClass()
#1 /home/toor/projekty/szablon/my-page/web/app/themes/my-theme/vendor/illuminate/view/Compilers/ComponentTagCompiler.php(220): Illuminate\\View\\Compilers\\ComponentTagCompiler->componentString()
#2 [internal function]: Illuminate\\View\\Compilers\\ComponentTagCompiler->Illuminate\\View\\Compilers\\{closure}()
#3 /home/toor/projekty/szablon/my-page/web/app/themes/my-theme/vendor/illuminate/view/Compilers/ComponentTagCompiler.php(215): preg_replace_callback()
#4 /home/toor/projekty/szablon/my-page/web/app/themes/my-theme/vendor/illuminate/view/Compilers/ComponentTagCompiler.php(89): Illuminate\\View\\Compilers\\ComponentTagCompiler->compileSelfClosingTags()
#5 /home/toor/projekty/szablon/my-page/web/app/themes/my-theme/vendor/illuminate/view/Compilers/ComponentTagCompiler.php(76): Illuminate\\View\\Compilers\\ComponentTagCompiler->compileTags()
#6 /home/toor/projekty/szablon/my-page/web/app/themes/my-theme/vendor/illuminate/view/Compilers/BladeCompiler.php(455): Illuminate\\View\\Compilers\\ComponentTagCompiler->compile()
#7 /home/toor/projekty/szablon/my-page/web/app/themes/my-theme/vendor/illuminate/view/Compilers/BladeCompiler.php(287): Illuminate\\View\\Compilers\\BladeCompiler->compileComponentTags()
#8 /home/toor/projekty/szablon/my-page/web/app/themes/my-theme/vendor/illuminate/view/Compilers/BladeCompiler.php(187): Illuminate\\View\\Compilers\\BladeCompiler->compileString()
#9 /home/toor/projekty/szablon/my-page/web/app/themes/my-theme/vendor/illuminate/view/Engines/CompilerEngine.php(68): Illuminate\\View\\Compilers\\BladeCompiler->compile()
#10 /home/toor/projekty/szablon/my-page/web/app/themes/my-theme/vendor/illuminate/view/View.php(208): Illuminate\\View\\Engines\\CompilerEngine->get()
#11 /home/toor/projekty/szablon/my-page/web/app/themes/my-theme/vendor/illuminate/view/View.php(191): Illuminate\\View\\View->getContents()
#12 /home/toor/projekty/szablon/my-page/web/app/themes/my-theme/vendor/illuminate/view/View.php(160): Illuminate\\View\\View->renderContents()
#13 /home/toor/projekty/szablon/my-page/web/app/themes/my-theme/index.php(3): Illuminate\\View\\View->render()
#14 /home/toor/projekty/szablon/my-page/web/wp/wp-includes/template-loader.php(106): include('...')
#15 /home/toor/projekty/szablon/my-page/web/wp/wp-blog-header.php(19): require_once('...')
#16 /home/toor/projekty/szablon/my-page/web/index.php(7): require('...')
#17 {main}
"} 
[2025-08-22 09:44:11] development.ERROR: Unable to locate a class or view for component [posts-grid]. {"userId":1,"exception":"[object] (InvalidArgumentException(code: 0): Unable to locate a class or view for component [posts-grid]. at /home/toor/projekty/szablon/my-page/web/app/themes/my-theme/vendor/illuminate/view/Compilers/ComponentTagCompiler.php:315)
[stacktrace]
#0 /home/toor/projekty/szablon/my-page/web/app/themes/my-theme/vendor/illuminate/view/Compilers/ComponentTagCompiler.php(235): Illuminate\\View\\Compilers\\ComponentTagCompiler->componentClass()
#1 /home/toor/projekty/szablon/my-page/web/app/themes/my-theme/vendor/illuminate/view/Compilers/ComponentTagCompiler.php(220): Illuminate\\View\\Compilers\\ComponentTagCompiler->componentString()
#2 [internal function]: Illuminate\\View\\Compilers\\ComponentTagCompiler->Illuminate\\View\\Compilers\\{closure}()
#3 /home/toor/projekty/szablon/my-page/web/app/themes/my-theme/vendor/illuminate/view/Compilers/ComponentTagCompiler.php(215): preg_replace_callback()
#4 /home/toor/projekty/szablon/my-page/web/app/themes/my-theme/vendor/illuminate/view/Compilers/ComponentTagCompiler.php(89): Illuminate\\View\\Compilers\\ComponentTagCompiler->compileSelfClosingTags()
#5 /home/toor/projekty/szablon/my-page/web/app/themes/my-theme/vendor/illuminate/view/Compilers/ComponentTagCompiler.php(76): Illuminate\\View\\Compilers\\ComponentTagCompiler->compileTags()
#6 /home/toor/projekty/szablon/my-page/web/app/themes/my-theme/vendor/illuminate/view/Compilers/BladeCompiler.php(455): Illuminate\\View\\Compilers\\ComponentTagCompiler->compile()
#7 /home/toor/projekty/szablon/my-page/web/app/themes/my-theme/vendor/illuminate/view/Compilers/BladeCompiler.php(287): Illuminate\\View\\Compilers\\BladeCompiler->compileComponentTags()
#8 /home/toor/projekty/szablon/my-page/web/app/themes/my-theme/vendor/illuminate/view/Compilers/BladeCompiler.php(187): Illuminate\\View\\Compilers\\BladeCompiler->compileString()
#9 /home/toor/projekty/szablon/my-page/web/app/themes/my-theme/vendor/illuminate/view/Engines/CompilerEngine.php(68): Illuminate\\View\\Compilers\\BladeCompiler->compile()
#10 /home/toor/projekty/szablon/my-page/web/app/themes/my-theme/vendor/illuminate/view/View.php(208): Illuminate\\View\\Engines\\CompilerEngine->get()
#11 /home/toor/projekty/szablon/my-page/web/app/themes/my-theme/vendor/illuminate/view/View.php(191): Illuminate\\View\\View->getContents()
#12 /home/toor/projekty/szablon/my-page/web/app/themes/my-theme/vendor/illuminate/view/View.php(160): Illuminate\\View\\View->renderContents()
#13 /home/toor/projekty/szablon/my-page/web/app/themes/my-theme/index.php(3): Illuminate\\View\\View->render()
#14 /home/toor/projekty/szablon/my-page/web/wp/wp-includes/template-loader.php(106): include('...')
#15 /home/toor/projekty/szablon/my-page/web/wp/wp-blog-header.php(19): require_once('...')
#16 /home/toor/projekty/szablon/my-page/web/index.php(7): require('...')
#17 {main}
"} 
[2025-08-22 09:44:25] development.ERROR: Unable to locate a class or view for component [posts-grid]. {"userId":1,"exception":"[object] (InvalidArgumentException(code: 0): Unable to locate a class or view for component [posts-grid]. at /home/toor/projekty/szablon/my-page/web/app/themes/my-theme/vendor/illuminate/view/Compilers/ComponentTagCompiler.php:315)
[stacktrace]
#0 /home/toor/projekty/szablon/my-page/web/app/themes/my-theme/vendor/illuminate/view/Compilers/ComponentTagCompiler.php(235): Illuminate\\View\\Compilers\\ComponentTagCompiler->componentClass()
#1 /home/toor/projekty/szablon/my-page/web/app/themes/my-theme/vendor/illuminate/view/Compilers/ComponentTagCompiler.php(220): Illuminate\\View\\Compilers\\ComponentTagCompiler->componentString()
#2 [internal function]: Illuminate\\View\\Compilers\\ComponentTagCompiler->Illuminate\\View\\Compilers\\{closure}()
#3 /home/toor/projekty/szablon/my-page/web/app/themes/my-theme/vendor/illuminate/view/Compilers/ComponentTagCompiler.php(215): preg_replace_callback()
#4 /home/toor/projekty/szablon/my-page/web/app/themes/my-theme/vendor/illuminate/view/Compilers/ComponentTagCompiler.php(89): Illuminate\\View\\Compilers\\ComponentTagCompiler->compileSelfClosingTags()
#5 /home/toor/projekty/szablon/my-page/web/app/themes/my-theme/vendor/illuminate/view/Compilers/ComponentTagCompiler.php(76): Illuminate\\View\\Compilers\\ComponentTagCompiler->compileTags()
#6 /home/toor/projekty/szablon/my-page/web/app/themes/my-theme/vendor/illuminate/view/Compilers/BladeCompiler.php(455): Illuminate\\View\\Compilers\\ComponentTagCompiler->compile()
#7 /home/toor/projekty/szablon/my-page/web/app/themes/my-theme/vendor/illuminate/view/Compilers/BladeCompiler.php(287): Illuminate\\View\\Compilers\\BladeCompiler->compileComponentTags()
#8 /home/toor/projekty/szablon/my-page/web/app/themes/my-theme/vendor/illuminate/view/Compilers/BladeCompiler.php(187): Illuminate\\View\\Compilers\\BladeCompiler->compileString()
#9 /home/toor/projekty/szablon/my-page/web/app/themes/my-theme/vendor/illuminate/view/Engines/CompilerEngine.php(68): Illuminate\\View\\Compilers\\BladeCompiler->compile()
#10 /home/toor/projekty/szablon/my-page/web/app/themes/my-theme/vendor/illuminate/view/View.php(208): Illuminate\\View\\Engines\\CompilerEngine->get()
#11 /home/toor/projekty/szablon/my-page/web/app/themes/my-theme/vendor/illuminate/view/View.php(191): Illuminate\\View\\View->getContents()
#12 /home/toor/projekty/szablon/my-page/web/app/themes/my-theme/vendor/illuminate/view/View.php(160): Illuminate\\View\\View->renderContents()
#13 /home/toor/projekty/szablon/my-page/web/app/themes/my-theme/index.php(3): Illuminate\\View\\View->render()
#14 /home/toor/projekty/szablon/my-page/web/wp/wp-includes/template-loader.php(106): include('...')
#15 /home/toor/projekty/szablon/my-page/web/wp/wp-blog-header.php(19): require_once('...')
#16 /home/toor/projekty/szablon/my-page/web/index.php(7): require('...')
#17 {main}
"} 
[2025-08-22 09:45:05] development.ERROR: syntax error, unexpected token "?" (View: /home/toor/projekty/szablon/my-page/web/app/themes/my-theme/resources/views/index.blade.php) {"userId":1,"exception":"[object] (Illuminate\\View\\ViewException(code: 0): syntax error, unexpected token \"?\" (View: /home/toor/projekty/szablon/my-page/web/app/themes/my-theme/resources/views/index.blade.php) at /home/toor/projekty/szablon/my-page/web/app/cache/acorn/framework/views/e8f96bc174e0707667213b622f5517fb.php:6)
[stacktrace]
#0 /home/toor/projekty/szablon/my-page/web/app/themes/my-theme/vendor/illuminate/view/Engines/PhpEngine.php(59): Illuminate\\View\\Engines\\CompilerEngine->handleViewException()
#1 /home/toor/projekty/szablon/my-page/web/app/themes/my-theme/vendor/illuminate/view/Engines/CompilerEngine.php(76): Illuminate\\View\\Engines\\PhpEngine->evaluatePath()
#2 /home/toor/projekty/szablon/my-page/web/app/themes/my-theme/vendor/illuminate/view/View.php(208): Illuminate\\View\\Engines\\CompilerEngine->get()
#3 /home/toor/projekty/szablon/my-page/web/app/themes/my-theme/vendor/illuminate/view/View.php(191): Illuminate\\View\\View->getContents()
#4 /home/toor/projekty/szablon/my-page/web/app/themes/my-theme/vendor/illuminate/view/View.php(160): Illuminate\\View\\View->renderContents()
#5 /home/toor/projekty/szablon/my-page/web/app/themes/my-theme/index.php(3): Illuminate\\View\\View->render()
#6 /home/toor/projekty/szablon/my-page/web/wp/wp-includes/template-loader.php(106): include('...')
#7 /home/toor/projekty/szablon/my-page/web/wp/wp-blog-header.php(19): require_once('...')
#8 /home/toor/projekty/szablon/my-page/web/index.php(7): require('...')
#9 {main}

[previous exception] [object] (ParseError(code: 0): syntax error, unexpected token \"?\" at /home/toor/projekty/szablon/my-page/web/app/cache/acorn/framework/views/e8f96bc174e0707667213b622f5517fb.php:6)
[stacktrace]
#0 /home/toor/projekty/szablon/my-page/web/app/themes/my-theme/vendor/illuminate/filesystem/Filesystem.php(124): Illuminate\\Filesystem\\Filesystem::Illuminate\\Filesystem\\{closure}()
#1 /home/toor/projekty/szablon/my-page/web/app/themes/my-theme/vendor/illuminate/view/Engines/PhpEngine.php(57): Illuminate\\Filesystem\\Filesystem->getRequire()
#2 /home/toor/projekty/szablon/my-page/web/app/themes/my-theme/vendor/illuminate/view/Engines/CompilerEngine.php(76): Illuminate\\View\\Engines\\PhpEngine->evaluatePath()
#3 /home/toor/projekty/szablon/my-page/web/app/themes/my-theme/vendor/illuminate/view/View.php(208): Illuminate\\View\\Engines\\CompilerEngine->get()
#4 /home/toor/projekty/szablon/my-page/web/app/themes/my-theme/vendor/illuminate/view/View.php(191): Illuminate\\View\\View->getContents()
#5 /home/toor/projekty/szablon/my-page/web/app/themes/my-theme/vendor/illuminate/view/View.php(160): Illuminate\\View\\View->renderContents()
#6 /home/toor/projekty/szablon/my-page/web/app/themes/my-theme/index.php(3): Illuminate\\View\\View->render()
#7 /home/toor/projekty/szablon/my-page/web/wp/wp-includes/template-loader.php(106): include('...')
#8 /home/toor/projekty/szablon/my-page/web/wp/wp-blog-header.php(19): require_once('...')
#9 /home/toor/projekty/szablon/my-page/web/index.php(7): require('...')
#10 {main}
"} 
[2025-08-22 09:45:06] development.ERROR: syntax error, unexpected token "?" (View: /home/toor/projekty/szablon/my-page/web/app/themes/my-theme/resources/views/index.blade.php) {"userId":1,"exception":"[object] (Illuminate\\View\\ViewException(code: 0): syntax error, unexpected token \"?\" (View: /home/toor/projekty/szablon/my-page/web/app/themes/my-theme/resources/views/index.blade.php) at /home/toor/projekty/szablon/my-page/web/app/cache/acorn/framework/views/e8f96bc174e0707667213b622f5517fb.php:6)
[stacktrace]
#0 /home/toor/projekty/szablon/my-page/web/app/themes/my-theme/vendor/illuminate/view/Engines/PhpEngine.php(59): Illuminate\\View\\Engines\\CompilerEngine->handleViewException()
#1 /home/toor/projekty/szablon/my-page/web/app/themes/my-theme/vendor/illuminate/view/Engines/CompilerEngine.php(76): Illuminate\\View\\Engines\\PhpEngine->evaluatePath()
#2 /home/toor/projekty/szablon/my-page/web/app/themes/my-theme/vendor/illuminate/view/View.php(208): Illuminate\\View\\Engines\\CompilerEngine->get()
#3 /home/toor/projekty/szablon/my-page/web/app/themes/my-theme/vendor/illuminate/view/View.php(191): Illuminate\\View\\View->getContents()
#4 /home/toor/projekty/szablon/my-page/web/app/themes/my-theme/vendor/illuminate/view/View.php(160): Illuminate\\View\\View->renderContents()
#5 /home/toor/projekty/szablon/my-page/web/app/themes/my-theme/index.php(3): Illuminate\\View\\View->render()
#6 /home/toor/projekty/szablon/my-page/web/wp/wp-includes/template-loader.php(106): include('...')
#7 /home/toor/projekty/szablon/my-page/web/wp/wp-blog-header.php(19): require_once('...')
#8 /home/toor/projekty/szablon/my-page/web/index.php(7): require('...')
#9 {main}

[previous exception] [object] (ParseError(code: 0): syntax error, unexpected token \"?\" at /home/toor/projekty/szablon/my-page/web/app/cache/acorn/framework/views/e8f96bc174e0707667213b622f5517fb.php:6)
[stacktrace]
#0 /home/toor/projekty/szablon/my-page/web/app/themes/my-theme/vendor/illuminate/filesystem/Filesystem.php(124): Illuminate\\Filesystem\\Filesystem::Illuminate\\Filesystem\\{closure}()
#1 /home/toor/projekty/szablon/my-page/web/app/themes/my-theme/vendor/illuminate/view/Engines/PhpEngine.php(57): Illuminate\\Filesystem\\Filesystem->getRequire()
#2 /home/toor/projekty/szablon/my-page/web/app/themes/my-theme/vendor/illuminate/view/Engines/CompilerEngine.php(76): Illuminate\\View\\Engines\\PhpEngine->evaluatePath()
#3 /home/toor/projekty/szablon/my-page/web/app/themes/my-theme/vendor/illuminate/view/View.php(208): Illuminate\\View\\Engines\\CompilerEngine->get()
#4 /home/toor/projekty/szablon/my-page/web/app/themes/my-theme/vendor/illuminate/view/View.php(191): Illuminate\\View\\View->getContents()
#5 /home/toor/projekty/szablon/my-page/web/app/themes/my-theme/vendor/illuminate/view/View.php(160): Illuminate\\View\\View->renderContents()
#6 /home/toor/projekty/szablon/my-page/web/app/themes/my-theme/index.php(3): Illuminate\\View\\View->render()
#7 /home/toor/projekty/szablon/my-page/web/wp/wp-includes/template-loader.php(106): include('...')
#8 /home/toor/projekty/szablon/my-page/web/wp/wp-blog-header.php(19): require_once('...')
#9 /home/toor/projekty/szablon/my-page/web/index.php(7): require('...')
#10 {main}
"} 
[2025-08-22 09:45:18] development.ERROR: Unable to locate a class or view for component [latestposts]. {"userId":1,"exception":"[object] (InvalidArgumentException(code: 0): Unable to locate a class or view for component [latestposts]. at /home/toor/projekty/szablon/my-page/web/app/themes/my-theme/vendor/illuminate/view/Compilers/ComponentTagCompiler.php:315)
[stacktrace]
#0 /home/toor/projekty/szablon/my-page/web/app/themes/my-theme/vendor/illuminate/view/Compilers/ComponentTagCompiler.php(235): Illuminate\\View\\Compilers\\ComponentTagCompiler->componentClass()
#1 /home/toor/projekty/szablon/my-page/web/app/themes/my-theme/vendor/illuminate/view/Compilers/ComponentTagCompiler.php(220): Illuminate\\View\\Compilers\\ComponentTagCompiler->componentString()
#2 [internal function]: Illuminate\\View\\Compilers\\ComponentTagCompiler->Illuminate\\View\\Compilers\\{closure}()
#3 /home/toor/projekty/szablon/my-page/web/app/themes/my-theme/vendor/illuminate/view/Compilers/ComponentTagCompiler.php(215): preg_replace_callback()
#4 /home/toor/projekty/szablon/my-page/web/app/themes/my-theme/vendor/illuminate/view/Compilers/ComponentTagCompiler.php(89): Illuminate\\View\\Compilers\\ComponentTagCompiler->compileSelfClosingTags()
#5 /home/toor/projekty/szablon/my-page/web/app/themes/my-theme/vendor/illuminate/view/Compilers/ComponentTagCompiler.php(76): Illuminate\\View\\Compilers\\ComponentTagCompiler->compileTags()
#6 /home/toor/projekty/szablon/my-page/web/app/themes/my-theme/vendor/illuminate/view/Compilers/BladeCompiler.php(455): Illuminate\\View\\Compilers\\ComponentTagCompiler->compile()
#7 /home/toor/projekty/szablon/my-page/web/app/themes/my-theme/vendor/illuminate/view/Compilers/BladeCompiler.php(287): Illuminate\\View\\Compilers\\BladeCompiler->compileComponentTags()
#8 /home/toor/projekty/szablon/my-page/web/app/themes/my-theme/vendor/illuminate/view/Compilers/BladeCompiler.php(187): Illuminate\\View\\Compilers\\BladeCompiler->compileString()
#9 /home/toor/projekty/szablon/my-page/web/app/themes/my-theme/vendor/illuminate/view/Engines/CompilerEngine.php(68): Illuminate\\View\\Compilers\\BladeCompiler->compile()
#10 /home/toor/projekty/szablon/my-page/web/app/themes/my-theme/vendor/illuminate/view/View.php(208): Illuminate\\View\\Engines\\CompilerEngine->get()
#11 /home/toor/projekty/szablon/my-page/web/app/themes/my-theme/vendor/illuminate/view/View.php(191): Illuminate\\View\\View->getContents()
#12 /home/toor/projekty/szablon/my-page/web/app/themes/my-theme/vendor/illuminate/view/View.php(160): Illuminate\\View\\View->renderContents()
#13 /home/toor/projekty/szablon/my-page/web/app/themes/my-theme/index.php(3): Illuminate\\View\\View->render()
#14 /home/toor/projekty/szablon/my-page/web/wp/wp-includes/template-loader.php(106): include('...')
#15 /home/toor/projekty/szablon/my-page/web/wp/wp-blog-header.php(19): require_once('...')
#16 /home/toor/projekty/szablon/my-page/web/index.php(7): require('...')
#17 {main}
"} 
[2025-08-22 09:45:20] development.ERROR: Unable to locate a class or view for component [latestposts]. {"userId":1,"exception":"[object] (InvalidArgumentException(code: 0): Unable to locate a class or view for component [latestposts]. at /home/toor/projekty/szablon/my-page/web/app/themes/my-theme/vendor/illuminate/view/Compilers/ComponentTagCompiler.php:315)
[stacktrace]
#0 /home/toor/projekty/szablon/my-page/web/app/themes/my-theme/vendor/illuminate/view/Compilers/ComponentTagCompiler.php(235): Illuminate\\View\\Compilers\\ComponentTagCompiler->componentClass()
#1 /home/toor/projekty/szablon/my-page/web/app/themes/my-theme/vendor/illuminate/view/Compilers/ComponentTagCompiler.php(220): Illuminate\\View\\Compilers\\ComponentTagCompiler->componentString()
#2 [internal function]: Illuminate\\View\\Compilers\\ComponentTagCompiler->Illuminate\\View\\Compilers\\{closure}()
#3 /home/toor/projekty/szablon/my-page/web/app/themes/my-theme/vendor/illuminate/view/Compilers/ComponentTagCompiler.php(215): preg_replace_callback()
#4 /home/toor/projekty/szablon/my-page/web/app/themes/my-theme/vendor/illuminate/view/Compilers/ComponentTagCompiler.php(89): Illuminate\\View\\Compilers\\ComponentTagCompiler->compileSelfClosingTags()
#5 /home/toor/projekty/szablon/my-page/web/app/themes/my-theme/vendor/illuminate/view/Compilers/ComponentTagCompiler.php(76): Illuminate\\View\\Compilers\\ComponentTagCompiler->compileTags()
#6 /home/toor/projekty/szablon/my-page/web/app/themes/my-theme/vendor/illuminate/view/Compilers/BladeCompiler.php(455): Illuminate\\View\\Compilers\\ComponentTagCompiler->compile()
#7 /home/toor/projekty/szablon/my-page/web/app/themes/my-theme/vendor/illuminate/view/Compilers/BladeCompiler.php(287): Illuminate\\View\\Compilers\\BladeCompiler->compileComponentTags()
#8 /home/toor/projekty/szablon/my-page/web/app/themes/my-theme/vendor/illuminate/view/Compilers/BladeCompiler.php(187): Illuminate\\View\\Compilers\\BladeCompiler->compileString()
#9 /home/toor/projekty/szablon/my-page/web/app/themes/my-theme/vendor/illuminate/view/Engines/CompilerEngine.php(68): Illuminate\\View\\Compilers\\BladeCompiler->compile()
#10 /home/toor/projekty/szablon/my-page/web/app/themes/my-theme/vendor/illuminate/view/View.php(208): Illuminate\\View\\Engines\\CompilerEngine->get()
#11 /home/toor/projekty/szablon/my-page/web/app/themes/my-theme/vendor/illuminate/view/View.php(191): Illuminate\\View\\View->getContents()
#12 /home/toor/projekty/szablon/my-page/web/app/themes/my-theme/vendor/illuminate/view/View.php(160): Illuminate\\View\\View->renderContents()
#13 /home/toor/projekty/szablon/my-page/web/app/themes/my-theme/index.php(3): Illuminate\\View\\View->render()
#14 /home/toor/projekty/szablon/my-page/web/wp/wp-includes/template-loader.php(106): include('...')
#15 /home/toor/projekty/szablon/my-page/web/wp/wp-blog-header.php(19): require_once('...')
#16 /home/toor/projekty/szablon/my-page/web/index.php(7): require('...')
#17 {main}
"} 
[2025-08-22 09:45:26] development.ERROR: syntax error, unexpected token "?" (View: /home/toor/projekty/szablon/my-page/web/app/themes/my-theme/resources/views/index.blade.php) {"userId":1,"exception":"[object] (Illuminate\\View\\ViewException(code: 0): syntax error, unexpected token \"?\" (View: /home/toor/projekty/szablon/my-page/web/app/themes/my-theme/resources/views/index.blade.php) at /home/toor/projekty/szablon/my-page/web/app/cache/acorn/framework/views/e8f96bc174e0707667213b622f5517fb.php:6)
[stacktrace]
#0 /home/toor/projekty/szablon/my-page/web/app/themes/my-theme/vendor/illuminate/view/Engines/PhpEngine.php(59): Illuminate\\View\\Engines\\CompilerEngine->handleViewException()
#1 /home/toor/projekty/szablon/my-page/web/app/themes/my-theme/vendor/illuminate/view/Engines/CompilerEngine.php(76): Illuminate\\View\\Engines\\PhpEngine->evaluatePath()
#2 /home/toor/projekty/szablon/my-page/web/app/themes/my-theme/vendor/illuminate/view/View.php(208): Illuminate\\View\\Engines\\CompilerEngine->get()
#3 /home/toor/projekty/szablon/my-page/web/app/themes/my-theme/vendor/illuminate/view/View.php(191): Illuminate\\View\\View->getContents()
#4 /home/toor/projekty/szablon/my-page/web/app/themes/my-theme/vendor/illuminate/view/View.php(160): Illuminate\\View\\View->renderContents()
#5 /home/toor/projekty/szablon/my-page/web/app/themes/my-theme/index.php(3): Illuminate\\View\\View->render()
#6 /home/toor/projekty/szablon/my-page/web/wp/wp-includes/template-loader.php(106): include('...')
#7 /home/toor/projekty/szablon/my-page/web/wp/wp-blog-header.php(19): require_once('...')
#8 /home/toor/projekty/szablon/my-page/web/index.php(7): require('...')
#9 {main}

[previous exception] [object] (ParseError(code: 0): syntax error, unexpected token \"?\" at /home/toor/projekty/szablon/my-page/web/app/cache/acorn/framework/views/e8f96bc174e0707667213b622f5517fb.php:6)
[stacktrace]
#0 /home/toor/projekty/szablon/my-page/web/app/themes/my-theme/vendor/illuminate/filesystem/Filesystem.php(124): Illuminate\\Filesystem\\Filesystem::Illuminate\\Filesystem\\{closure}()
#1 /home/toor/projekty/szablon/my-page/web/app/themes/my-theme/vendor/illuminate/view/Engines/PhpEngine.php(57): Illuminate\\Filesystem\\Filesystem->getRequire()
#2 /home/toor/projekty/szablon/my-page/web/app/themes/my-theme/vendor/illuminate/view/Engines/CompilerEngine.php(76): Illuminate\\View\\Engines\\PhpEngine->evaluatePath()
#3 /home/toor/projekty/szablon/my-page/web/app/themes/my-theme/vendor/illuminate/view/View.php(208): Illuminate\\View\\Engines\\CompilerEngine->get()
#4 /home/toor/projekty/szablon/my-page/web/app/themes/my-theme/vendor/illuminate/view/View.php(191): Illuminate\\View\\View->getContents()
#5 /home/toor/projekty/szablon/my-page/web/app/themes/my-theme/vendor/illuminate/view/View.php(160): Illuminate\\View\\View->renderContents()
#6 /home/toor/projekty/szablon/my-page/web/app/themes/my-theme/index.php(3): Illuminate\\View\\View->render()
#7 /home/toor/projekty/szablon/my-page/web/wp/wp-includes/template-loader.php(106): include('...')
#8 /home/toor/projekty/szablon/my-page/web/wp/wp-blog-header.php(19): require_once('...')
#9 /home/toor/projekty/szablon/my-page/web/index.php(7): require('...')
#10 {main}
"} 
[2025-08-22 09:45:26] development.ERROR: syntax error, unexpected token "?" (View: /home/toor/projekty/szablon/my-page/web/app/themes/my-theme/resources/views/index.blade.php) {"userId":1,"exception":"[object] (Illuminate\\View\\ViewException(code: 0): syntax error, unexpected token \"?\" (View: /home/toor/projekty/szablon/my-page/web/app/themes/my-theme/resources/views/index.blade.php) at /home/toor/projekty/szablon/my-page/web/app/cache/acorn/framework/views/e8f96bc174e0707667213b622f5517fb.php:6)
[stacktrace]
#0 /home/toor/projekty/szablon/my-page/web/app/themes/my-theme/vendor/illuminate/view/Engines/PhpEngine.php(59): Illuminate\\View\\Engines\\CompilerEngine->handleViewException()
#1 /home/toor/projekty/szablon/my-page/web/app/themes/my-theme/vendor/illuminate/view/Engines/CompilerEngine.php(76): Illuminate\\View\\Engines\\PhpEngine->evaluatePath()
#2 /home/toor/projekty/szablon/my-page/web/app/themes/my-theme/vendor/illuminate/view/View.php(208): Illuminate\\View\\Engines\\CompilerEngine->get()
#3 /home/toor/projekty/szablon/my-page/web/app/themes/my-theme/vendor/illuminate/view/View.php(191): Illuminate\\View\\View->getContents()
#4 /home/toor/projekty/szablon/my-page/web/app/themes/my-theme/vendor/illuminate/view/View.php(160): Illuminate\\View\\View->renderContents()
#5 /home/toor/projekty/szablon/my-page/web/app/themes/my-theme/index.php(3): Illuminate\\View\\View->render()
#6 /home/toor/projekty/szablon/my-page/web/wp/wp-includes/template-loader.php(106): include('...')
#7 /home/toor/projekty/szablon/my-page/web/wp/wp-blog-header.php(19): require_once('...')
#8 /home/toor/projekty/szablon/my-page/web/index.php(7): require('...')
#9 {main}

[previous exception] [object] (ParseError(code: 0): syntax error, unexpected token \"?\" at /home/toor/projekty/szablon/my-page/web/app/cache/acorn/framework/views/e8f96bc174e0707667213b622f5517fb.php:6)
[stacktrace]
#0 /home/toor/projekty/szablon/my-page/web/app/themes/my-theme/vendor/illuminate/filesystem/Filesystem.php(124): Illuminate\\Filesystem\\Filesystem::Illuminate\\Filesystem\\{closure}()
#1 /home/toor/projekty/szablon/my-page/web/app/themes/my-theme/vendor/illuminate/view/Engines/PhpEngine.php(57): Illuminate\\Filesystem\\Filesystem->getRequire()
#2 /home/toor/projekty/szablon/my-page/web/app/themes/my-theme/vendor/illuminate/view/Engines/CompilerEngine.php(76): Illuminate\\View\\Engines\\PhpEngine->evaluatePath()
#3 /home/toor/projekty/szablon/my-page/web/app/themes/my-theme/vendor/illuminate/view/View.php(208): Illuminate\\View\\Engines\\CompilerEngine->get()
#4 /home/toor/projekty/szablon/my-page/web/app/themes/my-theme/vendor/illuminate/view/View.php(191): Illuminate\\View\\View->getContents()
#5 /home/toor/projekty/szablon/my-page/web/app/themes/my-theme/vendor/illuminate/view/View.php(160): Illuminate\\View\\View->renderContents()
#6 /home/toor/projekty/szablon/my-page/web/app/themes/my-theme/index.php(3): Illuminate\\View\\View->render()
#7 /home/toor/projekty/szablon/my-page/web/wp/wp-includes/template-loader.php(106): include('...')
#8 /home/toor/projekty/szablon/my-page/web/wp/wp-blog-header.php(19): require_once('...')
#9 /home/toor/projekty/szablon/my-page/web/index.php(7): require('...')
#10 {main}
"} 
[2025-08-22 09:45:33] development.ERROR: syntax error, unexpected token "<", expecting end of file (View: /home/toor/projekty/szablon/my-page/web/app/themes/my-theme/resources/views/components/latestPosts.blade.php) (View: /home/toor/projekty/szablon/my-page/web/app/themes/my-theme/resources/views/components/latestPosts.blade.php) {"userId":1,"exception":"[object] (Illuminate\\View\\ViewException(code: 0): syntax error, unexpected token \"<\", expecting end of file (View: /home/toor/projekty/szablon/my-page/web/app/themes/my-theme/resources/views/components/latestPosts.blade.php) (View: /home/toor/projekty/szablon/my-page/web/app/themes/my-theme/resources/views/components/latestPosts.blade.php) at /home/toor/projekty/szablon/my-page/web/app/cache/acorn/framework/views/8fe2dbae74dd976c43829d9d92e1fe1c.php:2)
[stacktrace]
#0 /home/toor/projekty/szablon/my-page/web/app/themes/my-theme/vendor/illuminate/view/Engines/PhpEngine.php(59): Illuminate\\View\\Engines\\CompilerEngine->handleViewException()
#1 /home/toor/projekty/szablon/my-page/web/app/themes/my-theme/vendor/illuminate/view/Engines/CompilerEngine.php(76): Illuminate\\View\\Engines\\PhpEngine->evaluatePath()
#2 /home/toor/projekty/szablon/my-page/web/app/themes/my-theme/vendor/illuminate/view/View.php(208): Illuminate\\View\\Engines\\CompilerEngine->get()
#3 /home/toor/projekty/szablon/my-page/web/app/themes/my-theme/vendor/illuminate/view/View.php(191): Illuminate\\View\\View->getContents()
#4 /home/toor/projekty/szablon/my-page/web/app/themes/my-theme/vendor/illuminate/view/View.php(160): Illuminate\\View\\View->renderContents()
#5 /home/toor/projekty/szablon/my-page/web/app/themes/my-theme/index.php(3): Illuminate\\View\\View->render()
#6 /home/toor/projekty/szablon/my-page/web/wp/wp-includes/template-loader.php(106): include('...')
#7 /home/toor/projekty/szablon/my-page/web/wp/wp-blog-header.php(19): require_once('...')
#8 /home/toor/projekty/szablon/my-page/web/index.php(7): require('...')
#9 {main}

[previous exception] [object] (Illuminate\\View\\ViewException(code: 0): syntax error, unexpected token \"<\", expecting end of file (View: /home/toor/projekty/szablon/my-page/web/app/themes/my-theme/resources/views/components/latestPosts.blade.php) at /home/toor/projekty/szablon/my-page/web/app/cache/acorn/framework/views/8fe2dbae74dd976c43829d9d92e1fe1c.php:2)
[stacktrace]
#0 /home/toor/projekty/szablon/my-page/web/app/themes/my-theme/vendor/illuminate/view/Engines/PhpEngine.php(59): Illuminate\\View\\Engines\\CompilerEngine->handleViewException()
#1 /home/toor/projekty/szablon/my-page/web/app/themes/my-theme/vendor/illuminate/view/Engines/CompilerEngine.php(76): Illuminate\\View\\Engines\\PhpEngine->evaluatePath()
#2 /home/toor/projekty/szablon/my-page/web/app/themes/my-theme/vendor/illuminate/view/View.php(208): Illuminate\\View\\Engines\\CompilerEngine->get()
#3 /home/toor/projekty/szablon/my-page/web/app/themes/my-theme/vendor/illuminate/view/View.php(191): Illuminate\\View\\View->getContents()
#4 /home/toor/projekty/szablon/my-page/web/app/themes/my-theme/vendor/illuminate/view/View.php(160): Illuminate\\View\\View->renderContents()
#5 /home/toor/projekty/szablon/my-page/web/app/themes/my-theme/vendor/illuminate/view/Concerns/ManagesComponents.php(103): Illuminate\\View\\View->render()
#6 /home/toor/projekty/szablon/my-page/web/app/cache/acorn/framework/views/e8f96bc174e0707667213b622f5517fb.php(15): Illuminate\\View\\Factory->renderComponent()
#7 /home/toor/projekty/szablon/my-page/web/app/themes/my-theme/vendor/illuminate/filesystem/Filesystem.php(123): require('...')
#8 /home/toor/projekty/szablon/my-page/web/app/themes/my-theme/vendor/illuminate/filesystem/Filesystem.php(124): Illuminate\\Filesystem\\Filesystem::Illuminate\\Filesystem\\{closure}()
#9 /home/toor/projekty/szablon/my-page/web/app/themes/my-theme/vendor/illuminate/view/Engines/PhpEngine.php(57): Illuminate\\Filesystem\\Filesystem->getRequire()
#10 /home/toor/projekty/szablon/my-page/web/app/themes/my-theme/vendor/illuminate/view/Engines/CompilerEngine.php(76): Illuminate\\View\\Engines\\PhpEngine->evaluatePath()
#11 /home/toor/projekty/szablon/my-page/web/app/themes/my-theme/vendor/illuminate/view/View.php(208): Illuminate\\View\\Engines\\CompilerEngine->get()
#12 /home/toor/projekty/szablon/my-page/web/app/themes/my-theme/vendor/illuminate/view/View.php(191): Illuminate\\View\\View->getContents()
#13 /home/toor/projekty/szablon/my-page/web/app/themes/my-theme/vendor/illuminate/view/View.php(160): Illuminate\\View\\View->renderContents()
#14 /home/toor/projekty/szablon/my-page/web/app/themes/my-theme/index.php(3): Illuminate\\View\\View->render()
#15 /home/toor/projekty/szablon/my-page/web/wp/wp-includes/template-loader.php(106): include('...')
#16 /home/toor/projekty/szablon/my-page/web/wp/wp-blog-header.php(19): require_once('...')
#17 /home/toor/projekty/szablon/my-page/web/index.php(7): require('...')
#18 {main}

[previous exception] [object] (ParseError(code: 0): syntax error, unexpected token \"<\", expecting end of file at /home/toor/projekty/szablon/my-page/web/app/cache/acorn/framework/views/8fe2dbae74dd976c43829d9d92e1fe1c.php:2)
[stacktrace]
#0 /home/toor/projekty/szablon/my-page/web/app/themes/my-theme/vendor/illuminate/filesystem/Filesystem.php(124): Illuminate\\Filesystem\\Filesystem::Illuminate\\Filesystem\\{closure}()
#1 /home/toor/projekty/szablon/my-page/web/app/themes/my-theme/vendor/illuminate/view/Engines/PhpEngine.php(57): Illuminate\\Filesystem\\Filesystem->getRequire()
#2 /home/toor/projekty/szablon/my-page/web/app/themes/my-theme/vendor/illuminate/view/Engines/CompilerEngine.php(76): Illuminate\\View\\Engines\\PhpEngine->evaluatePath()
#3 /home/toor/projekty/szablon/my-page/web/app/themes/my-theme/vendor/illuminate/view/View.php(208): Illuminate\\View\\Engines\\CompilerEngine->get()
#4 /home/toor/projekty/szablon/my-page/web/app/themes/my-theme/vendor/illuminate/view/View.php(191): Illuminate\\View\\View->getContents()
#5 /home/toor/projekty/szablon/my-page/web/app/themes/my-theme/vendor/illuminate/view/View.php(160): Illuminate\\View\\View->renderContents()
#6 /home/toor/projekty/szablon/my-page/web/app/themes/my-theme/vendor/illuminate/view/Concerns/ManagesComponents.php(103): Illuminate\\View\\View->render()
#7 /home/toor/projekty/szablon/my-page/web/app/cache/acorn/framework/views/e8f96bc174e0707667213b622f5517fb.php(15): Illuminate\\View\\Factory->renderComponent()
#8 /home/toor/projekty/szablon/my-page/web/app/themes/my-theme/vendor/illuminate/filesystem/Filesystem.php(123): require('...')
#9 /home/toor/projekty/szablon/my-page/web/app/themes/my-theme/vendor/illuminate/filesystem/Filesystem.php(124): Illuminate\\Filesystem\\Filesystem::Illuminate\\Filesystem\\{closure}()
#10 /home/toor/projekty/szablon/my-page/web/app/themes/my-theme/vendor/illuminate/view/Engines/PhpEngine.php(57): Illuminate\\Filesystem\\Filesystem->getRequire()
#11 /home/toor/projekty/szablon/my-page/web/app/themes/my-theme/vendor/illuminate/view/Engines/CompilerEngine.php(76): Illuminate\\View\\Engines\\PhpEngine->evaluatePath()
#12 /home/toor/projekty/szablon/my-page/web/app/themes/my-theme/vendor/illuminate/view/View.php(208): Illuminate\\View\\Engines\\CompilerEngine->get()
#13 /home/toor/projekty/szablon/my-page/web/app/themes/my-theme/vendor/illuminate/view/View.php(191): Illuminate\\View\\View->getContents()
#14 /home/toor/projekty/szablon/my-page/web/app/themes/my-theme/vendor/illuminate/view/View.php(160): Illuminate\\View\\View->renderContents()
#15 /home/toor/projekty/szablon/my-page/web/app/themes/my-theme/index.php(3): Illuminate\\View\\View->render()
#16 /home/toor/projekty/szablon/my-page/web/wp/wp-includes/template-loader.php(106): include('...')
#17 /home/toor/projekty/szablon/my-page/web/wp/wp-blog-header.php(19): require_once('...')
#18 /home/toor/projekty/szablon/my-page/web/index.php(7): require('...')
#19 {main}
"} 
[2025-08-22 09:45:34] development.ERROR: syntax error, unexpected token "<", expecting end of file (View: /home/toor/projekty/szablon/my-page/web/app/themes/my-theme/resources/views/components/latestPosts.blade.php) (View: /home/toor/projekty/szablon/my-page/web/app/themes/my-theme/resources/views/components/latestPosts.blade.php) {"userId":1,"exception":"[object] (Illuminate\\View\\ViewException(code: 0): syntax error, unexpected token \"<\", expecting end of file (View: /home/toor/projekty/szablon/my-page/web/app/themes/my-theme/resources/views/components/latestPosts.blade.php) (View: /home/toor/projekty/szablon/my-page/web/app/themes/my-theme/resources/views/components/latestPosts.blade.php) at /home/toor/projekty/szablon/my-page/web/app/cache/acorn/framework/views/8fe2dbae74dd976c43829d9d92e1fe1c.php:2)
[stacktrace]
#0 /home/toor/projekty/szablon/my-page/web/app/themes/my-theme/vendor/illuminate/view/Engines/PhpEngine.php(59): Illuminate\\View\\Engines\\CompilerEngine->handleViewException()
#1 /home/toor/projekty/szablon/my-page/web/app/themes/my-theme/vendor/illuminate/view/Engines/CompilerEngine.php(76): Illuminate\\View\\Engines\\PhpEngine->evaluatePath()
#2 /home/toor/projekty/szablon/my-page/web/app/themes/my-theme/vendor/illuminate/view/View.php(208): Illuminate\\View\\Engines\\CompilerEngine->get()
#3 /home/toor/projekty/szablon/my-page/web/app/themes/my-theme/vendor/illuminate/view/View.php(191): Illuminate\\View\\View->getContents()
#4 /home/toor/projekty/szablon/my-page/web/app/themes/my-theme/vendor/illuminate/view/View.php(160): Illuminate\\View\\View->renderContents()
#5 /home/toor/projekty/szablon/my-page/web/app/themes/my-theme/index.php(3): Illuminate\\View\\View->render()
#6 /home/toor/projekty/szablon/my-page/web/wp/wp-includes/template-loader.php(106): include('...')
#7 /home/toor/projekty/szablon/my-page/web/wp/wp-blog-header.php(19): require_once('...')
#8 /home/toor/projekty/szablon/my-page/web/index.php(7): require('...')
#9 {main}

[previous exception] [object] (Illuminate\\View\\ViewException(code: 0): syntax error, unexpected token \"<\", expecting end of file (View: /home/toor/projekty/szablon/my-page/web/app/themes/my-theme/resources/views/components/latestPosts.blade.php) at /home/toor/projekty/szablon/my-page/web/app/cache/acorn/framework/views/8fe2dbae74dd976c43829d9d92e1fe1c.php:2)
[stacktrace]
#0 /home/toor/projekty/szablon/my-page/web/app/themes/my-theme/vendor/illuminate/view/Engines/PhpEngine.php(59): Illuminate\\View\\Engines\\CompilerEngine->handleViewException()
#1 /home/toor/projekty/szablon/my-page/web/app/themes/my-theme/vendor/illuminate/view/Engines/CompilerEngine.php(76): Illuminate\\View\\Engines\\PhpEngine->evaluatePath()
#2 /home/toor/projekty/szablon/my-page/web/app/themes/my-theme/vendor/illuminate/view/View.php(208): Illuminate\\View\\Engines\\CompilerEngine->get()
#3 /home/toor/projekty/szablon/my-page/web/app/themes/my-theme/vendor/illuminate/view/View.php(191): Illuminate\\View\\View->getContents()
#4 /home/toor/projekty/szablon/my-page/web/app/themes/my-theme/vendor/illuminate/view/View.php(160): Illuminate\\View\\View->renderContents()
#5 /home/toor/projekty/szablon/my-page/web/app/themes/my-theme/vendor/illuminate/view/Concerns/ManagesComponents.php(103): Illuminate\\View\\View->render()
#6 /home/toor/projekty/szablon/my-page/web/app/cache/acorn/framework/views/e8f96bc174e0707667213b622f5517fb.php(15): Illuminate\\View\\Factory->renderComponent()
#7 /home/toor/projekty/szablon/my-page/web/app/themes/my-theme/vendor/illuminate/filesystem/Filesystem.php(123): require('...')
#8 /home/toor/projekty/szablon/my-page/web/app/themes/my-theme/vendor/illuminate/filesystem/Filesystem.php(124): Illuminate\\Filesystem\\Filesystem::Illuminate\\Filesystem\\{closure}()
#9 /home/toor/projekty/szablon/my-page/web/app/themes/my-theme/vendor/illuminate/view/Engines/PhpEngine.php(57): Illuminate\\Filesystem\\Filesystem->getRequire()
#10 /home/toor/projekty/szablon/my-page/web/app/themes/my-theme/vendor/illuminate/view/Engines/CompilerEngine.php(76): Illuminate\\View\\Engines\\PhpEngine->evaluatePath()
#11 /home/toor/projekty/szablon/my-page/web/app/themes/my-theme/vendor/illuminate/view/View.php(208): Illuminate\\View\\Engines\\CompilerEngine->get()
#12 /home/toor/projekty/szablon/my-page/web/app/themes/my-theme/vendor/illuminate/view/View.php(191): Illuminate\\View\\View->getContents()
#13 /home/toor/projekty/szablon/my-page/web/app/themes/my-theme/vendor/illuminate/view/View.php(160): Illuminate\\View\\View->renderContents()
#14 /home/toor/projekty/szablon/my-page/web/app/themes/my-theme/index.php(3): Illuminate\\View\\View->render()
#15 /home/toor/projekty/szablon/my-page/web/wp/wp-includes/template-loader.php(106): include('...')
#16 /home/toor/projekty/szablon/my-page/web/wp/wp-blog-header.php(19): require_once('...')
#17 /home/toor/projekty/szablon/my-page/web/index.php(7): require('...')
#18 {main}

[previous exception] [object] (ParseError(code: 0): syntax error, unexpected token \"<\", expecting end of file at /home/toor/projekty/szablon/my-page/web/app/cache/acorn/framework/views/8fe2dbae74dd976c43829d9d92e1fe1c.php:2)
[stacktrace]
#0 /home/toor/projekty/szablon/my-page/web/app/themes/my-theme/vendor/illuminate/filesystem/Filesystem.php(124): Illuminate\\Filesystem\\Filesystem::Illuminate\\Filesystem\\{closure}()
#1 /home/toor/projekty/szablon/my-page/web/app/themes/my-theme/vendor/illuminate/view/Engines/PhpEngine.php(57): Illuminate\\Filesystem\\Filesystem->getRequire()
#2 /home/toor/projekty/szablon/my-page/web/app/themes/my-theme/vendor/illuminate/view/Engines/CompilerEngine.php(76): Illuminate\\View\\Engines\\PhpEngine->evaluatePath()
#3 /home/toor/projekty/szablon/my-page/web/app/themes/my-theme/vendor/illuminate/view/View.php(208): Illuminate\\View\\Engines\\CompilerEngine->get()
#4 /home/toor/projekty/szablon/my-page/web/app/themes/my-theme/vendor/illuminate/view/View.php(191): Illuminate\\View\\View->getContents()
#5 /home/toor/projekty/szablon/my-page/web/app/themes/my-theme/vendor/illuminate/view/View.php(160): Illuminate\\View\\View->renderContents()
#6 /home/toor/projekty/szablon/my-page/web/app/themes/my-theme/vendor/illuminate/view/Concerns/ManagesComponents.php(103): Illuminate\\View\\View->render()
#7 /home/toor/projekty/szablon/my-page/web/app/cache/acorn/framework/views/e8f96bc174e0707667213b622f5517fb.php(15): Illuminate\\View\\Factory->renderComponent()
#8 /home/toor/projekty/szablon/my-page/web/app/themes/my-theme/vendor/illuminate/filesystem/Filesystem.php(123): require('...')
#9 /home/toor/projekty/szablon/my-page/web/app/themes/my-theme/vendor/illuminate/filesystem/Filesystem.php(124): Illuminate\\Filesystem\\Filesystem::Illuminate\\Filesystem\\{closure}()
#10 /home/toor/projekty/szablon/my-page/web/app/themes/my-theme/vendor/illuminate/view/Engines/PhpEngine.php(57): Illuminate\\Filesystem\\Filesystem->getRequire()
#11 /home/toor/projekty/szablon/my-page/web/app/themes/my-theme/vendor/illuminate/view/Engines/CompilerEngine.php(76): Illuminate\\View\\Engines\\PhpEngine->evaluatePath()
#12 /home/toor/projekty/szablon/my-page/web/app/themes/my-theme/vendor/illuminate/view/View.php(208): Illuminate\\View\\Engines\\CompilerEngine->get()
#13 /home/toor/projekty/szablon/my-page/web/app/themes/my-theme/vendor/illuminate/view/View.php(191): Illuminate\\View\\View->getContents()
#14 /home/toor/projekty/szablon/my-page/web/app/themes/my-theme/vendor/illuminate/view/View.php(160): Illuminate\\View\\View->renderContents()
#15 /home/toor/projekty/szablon/my-page/web/app/themes/my-theme/index.php(3): Illuminate\\View\\View->render()
#16 /home/toor/projekty/szablon/my-page/web/wp/wp-includes/template-loader.php(106): include('...')
#17 /home/toor/projekty/szablon/my-page/web/wp/wp-blog-header.php(19): require_once('...')
#18 /home/toor/projekty/szablon/my-page/web/index.php(7): require('...')
#19 {main}
"} 
[2025-08-22 09:45:49] development.ERROR: syntax error, unexpected token "<", expecting end of file (View: /home/toor/projekty/szablon/my-page/web/app/themes/my-theme/resources/views/components/latestPosts.blade.php) (View: /home/toor/projekty/szablon/my-page/web/app/themes/my-theme/resources/views/components/latestPosts.blade.php) {"userId":1,"exception":"[object] (Illuminate\\View\\ViewException(code: 0): syntax error, unexpected token \"<\", expecting end of file (View: /home/toor/projekty/szablon/my-page/web/app/themes/my-theme/resources/views/components/latestPosts.blade.php) (View: /home/toor/projekty/szablon/my-page/web/app/themes/my-theme/resources/views/components/latestPosts.blade.php) at /home/toor/projekty/szablon/my-page/web/app/cache/acorn/framework/views/8fe2dbae74dd976c43829d9d92e1fe1c.php:2)
[stacktrace]
#0 /home/toor/projekty/szablon/my-page/web/app/themes/my-theme/vendor/illuminate/view/Engines/PhpEngine.php(59): Illuminate\\View\\Engines\\CompilerEngine->handleViewException()
#1 /home/toor/projekty/szablon/my-page/web/app/themes/my-theme/vendor/illuminate/view/Engines/CompilerEngine.php(76): Illuminate\\View\\Engines\\PhpEngine->evaluatePath()
#2 /home/toor/projekty/szablon/my-page/web/app/themes/my-theme/vendor/illuminate/view/View.php(208): Illuminate\\View\\Engines\\CompilerEngine->get()
#3 /home/toor/projekty/szablon/my-page/web/app/themes/my-theme/vendor/illuminate/view/View.php(191): Illuminate\\View\\View->getContents()
#4 /home/toor/projekty/szablon/my-page/web/app/themes/my-theme/vendor/illuminate/view/View.php(160): Illuminate\\View\\View->renderContents()
#5 /home/toor/projekty/szablon/my-page/web/app/themes/my-theme/index.php(3): Illuminate\\View\\View->render()
#6 /home/toor/projekty/szablon/my-page/web/wp/wp-includes/template-loader.php(106): include('...')
#7 /home/toor/projekty/szablon/my-page/web/wp/wp-blog-header.php(19): require_once('...')
#8 /home/toor/projekty/szablon/my-page/web/index.php(7): require('...')
#9 {main}

[previous exception] [object] (Illuminate\\View\\ViewException(code: 0): syntax error, unexpected token \"<\", expecting end of file (View: /home/toor/projekty/szablon/my-page/web/app/themes/my-theme/resources/views/components/latestPosts.blade.php) at /home/toor/projekty/szablon/my-page/web/app/cache/acorn/framework/views/8fe2dbae74dd976c43829d9d92e1fe1c.php:2)
[stacktrace]
#0 /home/toor/projekty/szablon/my-page/web/app/themes/my-theme/vendor/illuminate/view/Engines/PhpEngine.php(59): Illuminate\\View\\Engines\\CompilerEngine->handleViewException()
#1 /home/toor/projekty/szablon/my-page/web/app/themes/my-theme/vendor/illuminate/view/Engines/CompilerEngine.php(76): Illuminate\\View\\Engines\\PhpEngine->evaluatePath()
#2 /home/toor/projekty/szablon/my-page/web/app/themes/my-theme/vendor/illuminate/view/View.php(208): Illuminate\\View\\Engines\\CompilerEngine->get()
#3 /home/toor/projekty/szablon/my-page/web/app/themes/my-theme/vendor/illuminate/view/View.php(191): Illuminate\\View\\View->getContents()
#4 /home/toor/projekty/szablon/my-page/web/app/themes/my-theme/vendor/illuminate/view/View.php(160): Illuminate\\View\\View->renderContents()
#5 /home/toor/projekty/szablon/my-page/web/app/themes/my-theme/vendor/illuminate/view/Concerns/ManagesComponents.php(103): Illuminate\\View\\View->render()
#6 /home/toor/projekty/szablon/my-page/web/app/cache/acorn/framework/views/e8f96bc174e0707667213b622f5517fb.php(15): Illuminate\\View\\Factory->renderComponent()
#7 /home/toor/projekty/szablon/my-page/web/app/themes/my-theme/vendor/illuminate/filesystem/Filesystem.php(123): require('...')
#8 /home/toor/projekty/szablon/my-page/web/app/themes/my-theme/vendor/illuminate/filesystem/Filesystem.php(124): Illuminate\\Filesystem\\Filesystem::Illuminate\\Filesystem\\{closure}()
#9 /home/toor/projekty/szablon/my-page/web/app/themes/my-theme/vendor/illuminate/view/Engines/PhpEngine.php(57): Illuminate\\Filesystem\\Filesystem->getRequire()
#10 /home/toor/projekty/szablon/my-page/web/app/themes/my-theme/vendor/illuminate/view/Engines/CompilerEngine.php(76): Illuminate\\View\\Engines\\PhpEngine->evaluatePath()
#11 /home/toor/projekty/szablon/my-page/web/app/themes/my-theme/vendor/illuminate/view/View.php(208): Illuminate\\View\\Engines\\CompilerEngine->get()
#12 /home/toor/projekty/szablon/my-page/web/app/themes/my-theme/vendor/illuminate/view/View.php(191): Illuminate\\View\\View->getContents()
#13 /home/toor/projekty/szablon/my-page/web/app/themes/my-theme/vendor/illuminate/view/View.php(160): Illuminate\\View\\View->renderContents()
#14 /home/toor/projekty/szablon/my-page/web/app/themes/my-theme/index.php(3): Illuminate\\View\\View->render()
#15 /home/toor/projekty/szablon/my-page/web/wp/wp-includes/template-loader.php(106): include('...')
#16 /home/toor/projekty/szablon/my-page/web/wp/wp-blog-header.php(19): require_once('...')
#17 /home/toor/projekty/szablon/my-page/web/index.php(7): require('...')
#18 {main}

[previous exception] [object] (ParseError(code: 0): syntax error, unexpected token \"<\", expecting end of file at /home/toor/projekty/szablon/my-page/web/app/cache/acorn/framework/views/8fe2dbae74dd976c43829d9d92e1fe1c.php:2)
[stacktrace]
#0 /home/toor/projekty/szablon/my-page/web/app/themes/my-theme/vendor/illuminate/filesystem/Filesystem.php(124): Illuminate\\Filesystem\\Filesystem::Illuminate\\Filesystem\\{closure}()
#1 /home/toor/projekty/szablon/my-page/web/app/themes/my-theme/vendor/illuminate/view/Engines/PhpEngine.php(57): Illuminate\\Filesystem\\Filesystem->getRequire()
#2 /home/toor/projekty/szablon/my-page/web/app/themes/my-theme/vendor/illuminate/view/Engines/CompilerEngine.php(76): Illuminate\\View\\Engines\\PhpEngine->evaluatePath()
#3 /home/toor/projekty/szablon/my-page/web/app/themes/my-theme/vendor/illuminate/view/View.php(208): Illuminate\\View\\Engines\\CompilerEngine->get()
#4 /home/toor/projekty/szablon/my-page/web/app/themes/my-theme/vendor/illuminate/view/View.php(191): Illuminate\\View\\View->getContents()
#5 /home/toor/projekty/szablon/my-page/web/app/themes/my-theme/vendor/illuminate/view/View.php(160): Illuminate\\View\\View->renderContents()
#6 /home/toor/projekty/szablon/my-page/web/app/themes/my-theme/vendor/illuminate/view/Concerns/ManagesComponents.php(103): Illuminate\\View\\View->render()
#7 /home/toor/projekty/szablon/my-page/web/app/cache/acorn/framework/views/e8f96bc174e0707667213b622f5517fb.php(15): Illuminate\\View\\Factory->renderComponent()
#8 /home/toor/projekty/szablon/my-page/web/app/themes/my-theme/vendor/illuminate/filesystem/Filesystem.php(123): require('...')
#9 /home/toor/projekty/szablon/my-page/web/app/themes/my-theme/vendor/illuminate/filesystem/Filesystem.php(124): Illuminate\\Filesystem\\Filesystem::Illuminate\\Filesystem\\{closure}()
#10 /home/toor/projekty/szablon/my-page/web/app/themes/my-theme/vendor/illuminate/view/Engines/PhpEngine.php(57): Illuminate\\Filesystem\\Filesystem->getRequire()
#11 /home/toor/projekty/szablon/my-page/web/app/themes/my-theme/vendor/illuminate/view/Engines/CompilerEngine.php(76): Illuminate\\View\\Engines\\PhpEngine->evaluatePath()
#12 /home/toor/projekty/szablon/my-page/web/app/themes/my-theme/vendor/illuminate/view/View.php(208): Illuminate\\View\\Engines\\CompilerEngine->get()
#13 /home/toor/projekty/szablon/my-page/web/app/themes/my-theme/vendor/illuminate/view/View.php(191): Illuminate\\View\\View->getContents()
#14 /home/toor/projekty/szablon/my-page/web/app/themes/my-theme/vendor/illuminate/view/View.php(160): Illuminate\\View\\View->renderContents()
#15 /home/toor/projekty/szablon/my-page/web/app/themes/my-theme/index.php(3): Illuminate\\View\\View->render()
#16 /home/toor/projekty/szablon/my-page/web/wp/wp-includes/template-loader.php(106): include('...')
#17 /home/toor/projekty/szablon/my-page/web/wp/wp-blog-header.php(19): require_once('...')
#18 /home/toor/projekty/szablon/my-page/web/index.php(7): require('...')
#19 {main}
"} 
